#
# There is insufficient memory for the Java Runtime Environment to continue.
# Native memory allocation (malloc) failed to allocate 472416 bytes for Chunk::new
# Possible reasons:
#   The system is out of physical RAM or swap space
#   The process is running with CompressedOops enabled, and the Java Heap may be blocking the growth of the native heap
# Possible solutions:
#   Reduce memory load on the system
#   Increase physical memory or swap space
#   Check if swap backing store is full
#   Decrease Java heap size (-Xmx/-Xms)
#   Decrease number of Java threads
#   Decrease Java thread stack sizes (-Xss)
#   Set larger code cache with -XX:ReservedCodeCacheSize=
#   JVM is running with Zero Based Compressed Oops mode in which the Java heap is
#     placed in the first 32GB address space. The Java Heap base address is the
#     maximum limit for the native heap growth. Please use -XX:HeapBaseMinAddress
#     to set the Java Heap base and to place the Java Heap above 32GB virtual address.
# This output file may be truncated or incomplete.
#
#  Out of Memory Error (arena.cpp:184), pid=50612, tid=47568
#
# JRE version: Java(TM) SE Runtime Environment (19.0.1+10) (build 19.0.1+10-21)
# Java VM: Java HotSpot(TM) 64-Bit Server VM (19.0.1+10-21, mixed mode, sharing, tiered, compressed oops, compressed class ptrs, g1 gc, windows-amd64)
# No core dump will be written. Minidumps are not enabled by default on client versions of Windows
#

---------------  S U M M A R Y ------------

Command Line: -Dfile.encoding=UTF-8 -XX:+ShowCodeDetailsInExceptionMessages com.hv.accountService.AccountServiceApplication

Host: AMD Ryzen 7 5700U with Radeon Graphics         , 16 cores, 15G,  Windows 11 , 64 bit Build 22000 (10.0.22000.1335)
Time: Mon Jan 30 14:29:55 2023 India Standard Time elapsed time: 1.177449 seconds (0d 0h 0m 1s)

---------------  T H R E A D  ---------------

Current thread (0x0000028dade05500):  JavaThread "C2 CompilerThread0" daemon [_thread_in_native, id=47568, stack(0x000000992d200000,0x000000992d300000)]


Current CompileTask:
C2:   1177 1036   !   4       java.util.jar.Attributes::read (494 bytes)

Stack: [0x000000992d200000,0x000000992d300000]
Native frames: (J=compiled Java code, j=interpreted, Vv=VM code, C=native code)
V  [jvm.dll+0x6ee8fa]
V  [jvm.dll+0x857a1e]
V  [jvm.dll+0x85940e]
V  [jvm.dll+0x859ac3]
V  [jvm.dll+0x28291f]
V  [jvm.dll+0xc9b5f]
V  [jvm.dll+0xc9ee5]
V  [jvm.dll+0x2f7c6f]
V  [jvm.dll+0x5f0c5b]
V  [jvm.dll+0x2551fc]
V  [jvm.dll+0x24e097]
V  [jvm.dll+0x24b563]
V  [jvm.dll+0x1d6d61]
V  [jvm.dll+0x25b0fa]
V  [jvm.dll+0x259588]
V  [jvm.dll+0x807928]
V  [jvm.dll+0x8015fa]
V  [jvm.dll+0x6ed5eb]
C  [ucrtbase.dll+0x26c0c]
C  [KERNEL32.DLL+0x155a0]
C  [ntdll.dll+0x485b]


---------------  P R O C E S S  ---------------

Threads class SMR info:
_java_thread_list=0x0000028db2e6c110, length=18, elements={
0x0000028d885518f0, 0x0000028daddefcd0, 0x0000028daddf2610, 0x0000028daddf71f0,
0x0000028daddf7b20, 0x0000028daddf8450, 0x0000028dade00d90, 0x0000028dade05500,
0x0000028dade0b5a0, 0x0000028dade17470, 0x0000028dade0bb30, 0x0000028db223ed80,
0x0000028db2247130, 0x0000028dade0aa80, 0x0000028dade0c650, 0x0000028dade0c0c0,
0x0000028db301dab0, 0x0000028db2f301c0
}

Java Threads: ( => current thread )
  0x0000028d885518f0 JavaThread "main" [_thread_blocked, id=52972, stack(0x000000992c500000,0x000000992c600000)]
  0x0000028daddefcd0 JavaThread "Reference Handler" daemon [_thread_blocked, id=52792, stack(0x000000992cc00000,0x000000992cd00000)]
  0x0000028daddf2610 JavaThread "Finalizer" daemon [_thread_blocked, id=50516, stack(0x000000992cd00000,0x000000992ce00000)]
  0x0000028daddf71f0 JavaThread "Signal Dispatcher" daemon [_thread_blocked, id=50888, stack(0x000000992ce00000,0x000000992cf00000)]
  0x0000028daddf7b20 JavaThread "Attach Listener" daemon [_thread_blocked, id=47404, stack(0x000000992cf00000,0x000000992d000000)]
  0x0000028daddf8450 JavaThread "Service Thread" daemon [_thread_blocked, id=49392, stack(0x000000992d000000,0x000000992d100000)]
  0x0000028dade00d90 JavaThread "Monitor Deflation Thread" daemon [_thread_blocked, id=51176, stack(0x000000992d100000,0x000000992d200000)]
=>0x0000028dade05500 JavaThread "C2 CompilerThread0" daemon [_thread_in_native, id=47568, stack(0x000000992d200000,0x000000992d300000)]
  0x0000028dade0b5a0 JavaThread "C1 CompilerThread0" daemon [_thread_blocked, id=52912, stack(0x000000992d300000,0x000000992d400000)]
  0x0000028dade17470 JavaThread "Sweeper thread" daemon [_thread_blocked, id=47524, stack(0x000000992d400000,0x000000992d500000)]
  0x0000028dade0bb30 JavaThread "C1 CompilerThread1" daemon [_thread_blocked, id=52892, stack(0x000000992d500000,0x000000992d600000)]
  0x0000028db223ed80 JavaThread "Notification Thread" daemon [_thread_blocked, id=51460, stack(0x000000992d600000,0x000000992d700000)]
  0x0000028db2247130 JavaThread "Common-Cleaner" daemon [_thread_blocked, id=49764, stack(0x000000992d800000,0x000000992d900000)]
  0x0000028dade0aa80 JavaThread "C2 CompilerThread1" daemon [_thread_blocked, id=52852, stack(0x000000992d900000,0x000000992da00000)]
  0x0000028dade0c650 JavaThread "C1 CompilerThread2" daemon [_thread_blocked, id=42568, stack(0x000000992de00000,0x000000992df00000)]
  0x0000028dade0c0c0 JavaThread "C2 CompilerThread2" daemon [_thread_blocked, id=50800, stack(0x000000992df00000,0x000000992e000000)]
  0x0000028db301dab0 JavaThread "Thread-0" [_thread_blocked, id=52156, stack(0x000000992e000000,0x000000992e100000)]
  0x0000028db2f301c0 JavaThread "restartedMain" [_thread_in_native, id=45720, stack(0x000000992e100000,0x000000992e200000)]

Other Threads:
  0x0000028daddd9110 VMThread "VM Thread" [stack: 0x000000992cb00000,0x000000992cc00000] [id=49656]
  0x0000028db22432d0 WatcherThread "VM Periodic Task Thread" [stack: 0x000000992d700000,0x000000992d800000] [id=48092]
  0x0000028d885c4710 WorkerThread "GC Thread#0" [stack: 0x000000992c600000,0x000000992c700000] [id=52864]
  0x0000028db2be0ca0 WorkerThread "GC Thread#1" [stack: 0x000000992da00000,0x000000992db00000] [id=53040]
  0x0000028db2bdf8f0 WorkerThread "GC Thread#2" [stack: 0x000000992db00000,0x000000992dc00000] [id=45748]
  0x0000028db2bdf080 WorkerThread "GC Thread#3" [stack: 0x000000992dc00000,0x000000992dd00000] [id=49312]
  0x0000028db2bdf350 WorkerThread "GC Thread#4" [stack: 0x000000992dd00000,0x000000992de00000] [id=50640]
  0x0000028d885d5cb0 ConcurrentGCThread "G1 Main Marker" [stack: 0x000000992c700000,0x000000992c800000] [id=51656]
  0x0000028d885d7dd0 WorkerThread "G1 Conc#0" [stack: 0x000000992c800000,0x000000992c900000] [id=42616]
  0x0000028dadc93f10 ConcurrentGCThread "G1 Refine#0" [stack: 0x000000992c900000,0x000000992ca00000] [id=50372]
  0x0000028dadc947f0 ConcurrentGCThread "G1 Service" [stack: 0x000000992ca00000,0x000000992cb00000] [id=52840]

Threads with active compile tasks:
C2 CompilerThread0     1191 1036   !   4       java.util.jar.Attributes::read (494 bytes)

VM state: not at safepoint (normal execution)

VM Mutex/Monitor currently owned by a thread: None

Heap address: 0x000000070a200000, size: 3934 MB, Compressed Oops mode: Zero based, Oop shift amount: 3

CDS archive(s) mapped at: [0x0000000800000000-0x0000000800c40000-0x0000000800c40000), size 12845056, SharedBaseAddress: 0x0000000800000000, ArchiveRelocationMode: 0.
Compressed class space mapped at: 0x0000000801000000-0x0000000841000000, reserved size: 1073741824
Narrow klass base: 0x0000000800000000, Narrow klass shift: 0, Narrow klass range: 0x100000000

GC Precious Log:
 CardTable entry size: 512
 Card Set container configuration: InlinePtr #cards 4 size 8 Array Of Cards #cards 16 size 48 Howl #buckets 8 coarsen threshold 3686 Howl Bitmap #cards 512 size 80 coarsen threshold 460 Card regions per heap region 1 cards per card region 4096
 CPUs: 16 total, 16 available
 Memory: 15734M
 Large Page Support: Disabled
 NUMA Support: Disabled
 Compressed Oops: Enabled (Zero based)
 Heap Region Size: 2M
 Heap Min Capacity: 8M
 Heap Initial Capacity: 246M
 Heap Max Capacity: 3934M
 Pre-touch: Disabled
 Parallel Workers: 13
 Concurrent Workers: 3
 Concurrent Refinement Workers: 13
 Periodic GC: Disabled

Heap:
 garbage-first heap   total 251904K, used 13640K [0x000000070a200000, 0x0000000800000000)
  region size 2048K, 7 young (14336K), 2 survivors (4096K)
 Metaspace       used 4769K, committed 4928K, reserved 1114112K
  class space    used 513K, committed 576K, reserved 1048576K

Heap Regions: E=young(eden), S=young(survivor), O=old, HS=humongous(starts), HC=humongous(continues), CS=collection set, F=free, OA=open archive, CA=closed archive, TAMS=top-at-mark-start (previous, next)
|   0|0x000000070a200000, 0x000000070a400000, 0x000000070a400000|100%| O|  |TAMS 0x000000070a200000, 0x000000070a200000| Untracked 
|   1|0x000000070a400000, 0x000000070a552200, 0x000000070a600000| 66%| O|  |TAMS 0x000000070a400000, 0x000000070a400000| Untracked 
|   2|0x000000070a600000, 0x000000070a600000, 0x000000070a800000|  0%| F|  |TAMS 0x000000070a600000, 0x000000070a600000| Untracked 
|   3|0x000000070a800000, 0x000000070a800000, 0x000000070aa00000|  0%| F|  |TAMS 0x000000070a800000, 0x000000070a800000| Untracked 
|   4|0x000000070aa00000, 0x000000070aa00000, 0x000000070ac00000|  0%| F|  |TAMS 0x000000070aa00000, 0x000000070aa00000| Untracked 
|   5|0x000000070ac00000, 0x000000070ac00000, 0x000000070ae00000|  0%| F|  |TAMS 0x000000070ac00000, 0x000000070ac00000| Untracked 
|   6|0x000000070ae00000, 0x000000070ae00000, 0x000000070b000000|  0%| F|  |TAMS 0x000000070ae00000, 0x000000070ae00000| Untracked 
|   7|0x000000070b000000, 0x000000070b000000, 0x000000070b200000|  0%| F|  |TAMS 0x000000070b000000, 0x000000070b000000| Untracked 
|   8|0x000000070b200000, 0x000000070b200000, 0x000000070b400000|  0%| F|  |TAMS 0x000000070b200000, 0x000000070b200000| Untracked 
|   9|0x000000070b400000, 0x000000070b400000, 0x000000070b600000|  0%| F|  |TAMS 0x000000070b400000, 0x000000070b400000| Untracked 
|  10|0x000000070b600000, 0x000000070b600000, 0x000000070b800000|  0%| F|  |TAMS 0x000000070b600000, 0x000000070b600000| Untracked 
|  11|0x000000070b800000, 0x000000070b800000, 0x000000070ba00000|  0%| F|  |TAMS 0x000000070b800000, 0x000000070b800000| Untracked 
|  12|0x000000070ba00000, 0x000000070ba00000, 0x000000070bc00000|  0%| F|  |TAMS 0x000000070ba00000, 0x000000070ba00000| Untracked 
|  13|0x000000070bc00000, 0x000000070bc00000, 0x000000070be00000|  0%| F|  |TAMS 0x000000070bc00000, 0x000000070bc00000| Untracked 
|  14|0x000000070be00000, 0x000000070be00000, 0x000000070c000000|  0%| F|  |TAMS 0x000000070be00000, 0x000000070be00000| Untracked 
|  15|0x000000070c000000, 0x000000070c000000, 0x000000070c200000|  0%| F|  |TAMS 0x000000070c000000, 0x000000070c000000| Untracked 
|  16|0x000000070c200000, 0x000000070c200000, 0x000000070c400000|  0%| F|  |TAMS 0x000000070c200000, 0x000000070c200000| Untracked 
|  17|0x000000070c400000, 0x000000070c400000, 0x000000070c600000|  0%| F|  |TAMS 0x000000070c400000, 0x000000070c400000| Untracked 
|  18|0x000000070c600000, 0x000000070c600000, 0x000000070c800000|  0%| F|  |TAMS 0x000000070c600000, 0x000000070c600000| Untracked 
|  19|0x000000070c800000, 0x000000070c800000, 0x000000070ca00000|  0%| F|  |TAMS 0x000000070c800000, 0x000000070c800000| Untracked 
|  20|0x000000070ca00000, 0x000000070ca00000, 0x000000070cc00000|  0%| F|  |TAMS 0x000000070ca00000, 0x000000070ca00000| Untracked 
|  21|0x000000070cc00000, 0x000000070cc00000, 0x000000070ce00000|  0%| F|  |TAMS 0x000000070cc00000, 0x000000070cc00000| Untracked 
|  22|0x000000070ce00000, 0x000000070ce00000, 0x000000070d000000|  0%| F|  |TAMS 0x000000070ce00000, 0x000000070ce00000| Untracked 
|  23|0x000000070d000000, 0x000000070d000000, 0x000000070d200000|  0%| F|  |TAMS 0x000000070d000000, 0x000000070d000000| Untracked 
|  24|0x000000070d200000, 0x000000070d200000, 0x000000070d400000|  0%| F|  |TAMS 0x000000070d200000, 0x000000070d200000| Untracked 
|  25|0x000000070d400000, 0x000000070d400000, 0x000000070d600000|  0%| F|  |TAMS 0x000000070d400000, 0x000000070d400000| Untracked 
|  26|0x000000070d600000, 0x000000070d600000, 0x000000070d800000|  0%| F|  |TAMS 0x000000070d600000, 0x000000070d600000| Untracked 
|  27|0x000000070d800000, 0x000000070d800000, 0x000000070da00000|  0%| F|  |TAMS 0x000000070d800000, 0x000000070d800000| Untracked 
|  28|0x000000070da00000, 0x000000070da00000, 0x000000070dc00000|  0%| F|  |TAMS 0x000000070da00000, 0x000000070da00000| Untracked 
|  29|0x000000070dc00000, 0x000000070dc00000, 0x000000070de00000|  0%| F|  |TAMS 0x000000070dc00000, 0x000000070dc00000| Untracked 
|  30|0x000000070de00000, 0x000000070de00000, 0x000000070e000000|  0%| F|  |TAMS 0x000000070de00000, 0x000000070de00000| Untracked 
|  31|0x000000070e000000, 0x000000070e000000, 0x000000070e200000|  0%| F|  |TAMS 0x000000070e000000, 0x000000070e000000| Untracked 
|  32|0x000000070e200000, 0x000000070e200000, 0x000000070e400000|  0%| F|  |TAMS 0x000000070e200000, 0x000000070e200000| Untracked 
|  33|0x000000070e400000, 0x000000070e400000, 0x000000070e600000|  0%| F|  |TAMS 0x000000070e400000, 0x000000070e400000| Untracked 
|  34|0x000000070e600000, 0x000000070e600000, 0x000000070e800000|  0%| F|  |TAMS 0x000000070e600000, 0x000000070e600000| Untracked 
|  35|0x000000070e800000, 0x000000070e800000, 0x000000070ea00000|  0%| F|  |TAMS 0x000000070e800000, 0x000000070e800000| Untracked 
|  36|0x000000070ea00000, 0x000000070ea00000, 0x000000070ec00000|  0%| F|  |TAMS 0x000000070ea00000, 0x000000070ea00000| Untracked 
|  37|0x000000070ec00000, 0x000000070ec00000, 0x000000070ee00000|  0%| F|  |TAMS 0x000000070ec00000, 0x000000070ec00000| Untracked 
|  38|0x000000070ee00000, 0x000000070ee00000, 0x000000070f000000|  0%| F|  |TAMS 0x000000070ee00000, 0x000000070ee00000| Untracked 
|  39|0x000000070f000000, 0x000000070f000000, 0x000000070f200000|  0%| F|  |TAMS 0x000000070f000000, 0x000000070f000000| Untracked 
|  40|0x000000070f200000, 0x000000070f200000, 0x000000070f400000|  0%| F|  |TAMS 0x000000070f200000, 0x000000070f200000| Untracked 
|  41|0x000000070f400000, 0x000000070f400000, 0x000000070f600000|  0%| F|  |TAMS 0x000000070f400000, 0x000000070f400000| Untracked 
|  42|0x000000070f600000, 0x000000070f600000, 0x000000070f800000|  0%| F|  |TAMS 0x000000070f600000, 0x000000070f600000| Untracked 
|  43|0x000000070f800000, 0x000000070f800000, 0x000000070fa00000|  0%| F|  |TAMS 0x000000070f800000, 0x000000070f800000| Untracked 
|  44|0x000000070fa00000, 0x000000070fa00000, 0x000000070fc00000|  0%| F|  |TAMS 0x000000070fa00000, 0x000000070fa00000| Untracked 
|  45|0x000000070fc00000, 0x000000070fc00000, 0x000000070fe00000|  0%| F|  |TAMS 0x000000070fc00000, 0x000000070fc00000| Untracked 
|  46|0x000000070fe00000, 0x000000070fe00000, 0x0000000710000000|  0%| F|  |TAMS 0x000000070fe00000, 0x000000070fe00000| Untracked 
|  47|0x0000000710000000, 0x0000000710000000, 0x0000000710200000|  0%| F|  |TAMS 0x0000000710000000, 0x0000000710000000| Untracked 
|  48|0x0000000710200000, 0x0000000710200000, 0x0000000710400000|  0%| F|  |TAMS 0x0000000710200000, 0x0000000710200000| Untracked 
|  49|0x0000000710400000, 0x0000000710400000, 0x0000000710600000|  0%| F|  |TAMS 0x0000000710400000, 0x0000000710400000| Untracked 
|  50|0x0000000710600000, 0x0000000710600000, 0x0000000710800000|  0%| F|  |TAMS 0x0000000710600000, 0x0000000710600000| Untracked 
|  51|0x0000000710800000, 0x0000000710800000, 0x0000000710a00000|  0%| F|  |TAMS 0x0000000710800000, 0x0000000710800000| Untracked 
|  52|0x0000000710a00000, 0x0000000710a00000, 0x0000000710c00000|  0%| F|  |TAMS 0x0000000710a00000, 0x0000000710a00000| Untracked 
|  53|0x0000000710c00000, 0x0000000710c00000, 0x0000000710e00000|  0%| F|  |TAMS 0x0000000710c00000, 0x0000000710c00000| Untracked 
|  54|0x0000000710e00000, 0x0000000710e00000, 0x0000000711000000|  0%| F|  |TAMS 0x0000000710e00000, 0x0000000710e00000| Untracked 
|  55|0x0000000711000000, 0x0000000711000000, 0x0000000711200000|  0%| F|  |TAMS 0x0000000711000000, 0x0000000711000000| Untracked 
|  56|0x0000000711200000, 0x0000000711200000, 0x0000000711400000|  0%| F|  |TAMS 0x0000000711200000, 0x0000000711200000| Untracked 
|  57|0x0000000711400000, 0x0000000711400000, 0x0000000711600000|  0%| F|  |TAMS 0x0000000711400000, 0x0000000711400000| Untracked 
|  58|0x0000000711600000, 0x0000000711600000, 0x0000000711800000|  0%| F|  |TAMS 0x0000000711600000, 0x0000000711600000| Untracked 
|  59|0x0000000711800000, 0x0000000711800000, 0x0000000711a00000|  0%| F|  |TAMS 0x0000000711800000, 0x0000000711800000| Untracked 
|  60|0x0000000711a00000, 0x0000000711a00000, 0x0000000711c00000|  0%| F|  |TAMS 0x0000000711a00000, 0x0000000711a00000| Untracked 
|  61|0x0000000711c00000, 0x0000000711c00000, 0x0000000711e00000|  0%| F|  |TAMS 0x0000000711c00000, 0x0000000711c00000| Untracked 
|  62|0x0000000711e00000, 0x0000000711e00000, 0x0000000712000000|  0%| F|  |TAMS 0x0000000711e00000, 0x0000000711e00000| Untracked 
|  63|0x0000000712000000, 0x0000000712000000, 0x0000000712200000|  0%| F|  |TAMS 0x0000000712000000, 0x0000000712000000| Untracked 
|  64|0x0000000712200000, 0x0000000712200000, 0x0000000712400000|  0%| F|  |TAMS 0x0000000712200000, 0x0000000712200000| Untracked 
|  65|0x0000000712400000, 0x0000000712400000, 0x0000000712600000|  0%| F|  |TAMS 0x0000000712400000, 0x0000000712400000| Untracked 
|  66|0x0000000712600000, 0x0000000712600000, 0x0000000712800000|  0%| F|  |TAMS 0x0000000712600000, 0x0000000712600000| Untracked 
|  67|0x0000000712800000, 0x0000000712800000, 0x0000000712a00000|  0%| F|  |TAMS 0x0000000712800000, 0x0000000712800000| Untracked 
|  68|0x0000000712a00000, 0x0000000712a00000, 0x0000000712c00000|  0%| F|  |TAMS 0x0000000712a00000, 0x0000000712a00000| Untracked 
|  69|0x0000000712c00000, 0x0000000712c00000, 0x0000000712e00000|  0%| F|  |TAMS 0x0000000712c00000, 0x0000000712c00000| Untracked 
|  70|0x0000000712e00000, 0x0000000712e00000, 0x0000000713000000|  0%| F|  |TAMS 0x0000000712e00000, 0x0000000712e00000| Untracked 
|  71|0x0000000713000000, 0x0000000713000000, 0x0000000713200000|  0%| F|  |TAMS 0x0000000713000000, 0x0000000713000000| Untracked 
|  72|0x0000000713200000, 0x0000000713200000, 0x0000000713400000|  0%| F|  |TAMS 0x0000000713200000, 0x0000000713200000| Untracked 
|  73|0x0000000713400000, 0x0000000713400000, 0x0000000713600000|  0%| F|  |TAMS 0x0000000713400000, 0x0000000713400000| Untracked 
|  74|0x0000000713600000, 0x0000000713600000, 0x0000000713800000|  0%| F|  |TAMS 0x0000000713600000, 0x0000000713600000| Untracked 
|  75|0x0000000713800000, 0x0000000713800000, 0x0000000713a00000|  0%| F|  |TAMS 0x0000000713800000, 0x0000000713800000| Untracked 
|  76|0x0000000713a00000, 0x0000000713a00000, 0x0000000713c00000|  0%| F|  |TAMS 0x0000000713a00000, 0x0000000713a00000| Untracked 
|  77|0x0000000713c00000, 0x0000000713c00000, 0x0000000713e00000|  0%| F|  |TAMS 0x0000000713c00000, 0x0000000713c00000| Untracked 
|  78|0x0000000713e00000, 0x0000000713e00000, 0x0000000714000000|  0%| F|  |TAMS 0x0000000713e00000, 0x0000000713e00000| Untracked 
|  79|0x0000000714000000, 0x0000000714000000, 0x0000000714200000|  0%| F|  |TAMS 0x0000000714000000, 0x0000000714000000| Untracked 
|  80|0x0000000714200000, 0x0000000714200000, 0x0000000714400000|  0%| F|  |TAMS 0x0000000714200000, 0x0000000714200000| Untracked 
|  81|0x0000000714400000, 0x0000000714400000, 0x0000000714600000|  0%| F|  |TAMS 0x0000000714400000, 0x0000000714400000| Untracked 
|  82|0x0000000714600000, 0x0000000714600000, 0x0000000714800000|  0%| F|  |TAMS 0x0000000714600000, 0x0000000714600000| Untracked 
|  83|0x0000000714800000, 0x0000000714800000, 0x0000000714a00000|  0%| F|  |TAMS 0x0000000714800000, 0x0000000714800000| Untracked 
|  84|0x0000000714a00000, 0x0000000714a00000, 0x0000000714c00000|  0%| F|  |TAMS 0x0000000714a00000, 0x0000000714a00000| Untracked 
|  85|0x0000000714c00000, 0x0000000714c00000, 0x0000000714e00000|  0%| F|  |TAMS 0x0000000714c00000, 0x0000000714c00000| Untracked 
|  86|0x0000000714e00000, 0x0000000714e00000, 0x0000000715000000|  0%| F|  |TAMS 0x0000000714e00000, 0x0000000714e00000| Untracked 
|  87|0x0000000715000000, 0x0000000715000000, 0x0000000715200000|  0%| F|  |TAMS 0x0000000715000000, 0x0000000715000000| Untracked 
|  88|0x0000000715200000, 0x0000000715200000, 0x0000000715400000|  0%| F|  |TAMS 0x0000000715200000, 0x0000000715200000| Untracked 
|  89|0x0000000715400000, 0x0000000715400000, 0x0000000715600000|  0%| F|  |TAMS 0x0000000715400000, 0x0000000715400000| Untracked 
|  90|0x0000000715600000, 0x0000000715600000, 0x0000000715800000|  0%| F|  |TAMS 0x0000000715600000, 0x0000000715600000| Untracked 
|  91|0x0000000715800000, 0x0000000715800000, 0x0000000715a00000|  0%| F|  |TAMS 0x0000000715800000, 0x0000000715800000| Untracked 
|  92|0x0000000715a00000, 0x0000000715a00000, 0x0000000715c00000|  0%| F|  |TAMS 0x0000000715a00000, 0x0000000715a00000| Untracked 
|  93|0x0000000715c00000, 0x0000000715c00000, 0x0000000715e00000|  0%| F|  |TAMS 0x0000000715c00000, 0x0000000715c00000| Untracked 
|  94|0x0000000715e00000, 0x0000000715e00000, 0x0000000716000000|  0%| F|  |TAMS 0x0000000715e00000, 0x0000000715e00000| Untracked 
|  95|0x0000000716000000, 0x0000000716000000, 0x0000000716200000|  0%| F|  |TAMS 0x0000000716000000, 0x0000000716000000| Untracked 
|  96|0x0000000716200000, 0x0000000716200000, 0x0000000716400000|  0%| F|  |TAMS 0x0000000716200000, 0x0000000716200000| Untracked 
|  97|0x0000000716400000, 0x0000000716400000, 0x0000000716600000|  0%| F|  |TAMS 0x0000000716400000, 0x0000000716400000| Untracked 
|  98|0x0000000716600000, 0x0000000716600000, 0x0000000716800000|  0%| F|  |TAMS 0x0000000716600000, 0x0000000716600000| Untracked 
|  99|0x0000000716800000, 0x0000000716800000, 0x0000000716a00000|  0%| F|  |TAMS 0x0000000716800000, 0x0000000716800000| Untracked 
| 100|0x0000000716a00000, 0x0000000716a00000, 0x0000000716c00000|  0%| F|  |TAMS 0x0000000716a00000, 0x0000000716a00000| Untracked 
| 101|0x0000000716c00000, 0x0000000716c00000, 0x0000000716e00000|  0%| F|  |TAMS 0x0000000716c00000, 0x0000000716c00000| Untracked 
| 102|0x0000000716e00000, 0x0000000716e00000, 0x0000000717000000|  0%| F|  |TAMS 0x0000000716e00000, 0x0000000716e00000| Untracked 
| 103|0x0000000717000000, 0x0000000717000000, 0x0000000717200000|  0%| F|  |TAMS 0x0000000717000000, 0x0000000717000000| Untracked 
| 104|0x0000000717200000, 0x0000000717200000, 0x0000000717400000|  0%| F|  |TAMS 0x0000000717200000, 0x0000000717200000| Untracked 
| 105|0x0000000717400000, 0x0000000717400000, 0x0000000717600000|  0%| F|  |TAMS 0x0000000717400000, 0x0000000717400000| Untracked 
| 106|0x0000000717600000, 0x0000000717600000, 0x0000000717800000|  0%| F|  |TAMS 0x0000000717600000, 0x0000000717600000| Untracked 
| 107|0x0000000717800000, 0x0000000717800000, 0x0000000717a00000|  0%| F|  |TAMS 0x0000000717800000, 0x0000000717800000| Untracked 
| 108|0x0000000717a00000, 0x0000000717a00000, 0x0000000717c00000|  0%| F|  |TAMS 0x0000000717a00000, 0x0000000717a00000| Untracked 
| 109|0x0000000717c00000, 0x0000000717c00000, 0x0000000717e00000|  0%| F|  |TAMS 0x0000000717c00000, 0x0000000717c00000| Untracked 
| 110|0x0000000717e00000, 0x0000000718000000, 0x0000000718000000|100%| S|CS|TAMS 0x0000000717e00000, 0x0000000717e00000| Complete 
| 111|0x0000000718000000, 0x0000000718200000, 0x0000000718200000|100%| S|CS|TAMS 0x0000000718000000, 0x0000000718000000| Complete 
| 112|0x0000000718200000, 0x0000000718200000, 0x0000000718400000|  0%| F|  |TAMS 0x0000000718200000, 0x0000000718200000| Untracked 
| 113|0x0000000718400000, 0x0000000718400000, 0x0000000718600000|  0%| F|  |TAMS 0x0000000718400000, 0x0000000718400000| Untracked 
| 114|0x0000000718600000, 0x0000000718600000, 0x0000000718800000|  0%| F|  |TAMS 0x0000000718600000, 0x0000000718600000| Untracked 
| 115|0x0000000718800000, 0x0000000718800000, 0x0000000718a00000|  0%| F|  |TAMS 0x0000000718800000, 0x0000000718800000| Untracked 
| 116|0x0000000718a00000, 0x0000000718a00000, 0x0000000718c00000|  0%| F|  |TAMS 0x0000000718a00000, 0x0000000718a00000| Untracked 
| 117|0x0000000718c00000, 0x0000000718c00000, 0x0000000718e00000|  0%| F|  |TAMS 0x0000000718c00000, 0x0000000718c00000| Untracked 
| 118|0x0000000718e00000, 0x0000000718f11418, 0x0000000719000000| 53%| E|  |TAMS 0x0000000718e00000, 0x0000000718e00000| Complete 
| 119|0x0000000719000000, 0x0000000719200000, 0x0000000719200000|100%| E|CS|TAMS 0x0000000719000000, 0x0000000719000000| Complete 
| 120|0x0000000719200000, 0x0000000719400000, 0x0000000719400000|100%| E|CS|TAMS 0x0000000719200000, 0x0000000719200000| Complete 
| 121|0x0000000719400000, 0x0000000719600000, 0x0000000719600000|100%| E|CS|TAMS 0x0000000719400000, 0x0000000719400000| Complete 
| 122|0x0000000719600000, 0x0000000719800000, 0x0000000719800000|100%| E|  |TAMS 0x0000000719600000, 0x0000000719600000| Complete 

Card table byte_map: [0x0000028da2430000,0x0000028da2be0000] _byte_map_base: 0x0000028d9ebdf000

Marking Bits (Prev, Next): (CMBitMap*) 0x0000028d885c5c50, (CMBitMap*) 0x0000028d885c5c90
 Prev Bits: [0x0000028da3390000, 0x0000028da7108000)
 Next Bits: [0x0000028da7110000, 0x0000028daae88000)

Polling page: 0x0000028d882c0000

Metaspace:

Usage:
  Non-class:      4.19 MB used.
      Class:    517.01 KB used.
       Both:      4.70 MB used.

Virtual space:
  Non-class space:       64.00 MB reserved,       4.25 MB (  7%) committed,  1 nodes.
      Class space:        1.00 GB reserved,     576.00 KB ( <1%) committed,  1 nodes.
             Both:        1.06 GB reserved,       4.81 MB ( <1%) committed. 

Chunk freelists:
   Non-Class:  2.06 MB
       Class:  3.44 MB
        Both:  5.50 MB

MaxMetaspaceSize: unlimited
CompressedClassSpaceSize: 1.00 GB
Initial GC threshold: 21.00 MB
Current GC threshold: 21.00 MB
CDS: on
MetaspaceReclaimPolicy: balanced
 - commit_granule_bytes: 65536.
 - commit_granule_words: 8192.
 - virtual_space_node_default_size: 8388608.
 - enlarge_chunks_in_place: 1.
 - new_chunks_are_fully_committed: 0.
 - uncommit_free_chunks: 1.
 - use_allocation_guard: 0.


Internal statistics:

num_allocs_failed_limit: 0.
num_arena_births: 98.
num_arena_deaths: 0.
num_vsnodes_births: 2.
num_vsnodes_deaths: 0.
num_space_committed: 77.
num_space_uncommitted: 0.
num_chunks_returned_to_freelist: 0.
num_chunks_taken_from_freelist: 220.
num_chunk_merges: 0.
num_chunk_splits: 131.
num_chunks_enlarged: 94.
num_inconsistent_stats: 0.

CodeHeap 'non-profiled nmethods': size=119168Kb used=408Kb max_used=408Kb free=118759Kb
 bounds [0x0000028d99860000, 0x0000028d99ad0000, 0x0000028da0cc0000]
CodeHeap 'profiled nmethods': size=119104Kb used=2206Kb max_used=2206Kb free=116897Kb
 bounds [0x0000028d91cc0000, 0x0000028d91f30000, 0x0000028d99110000]
CodeHeap 'non-nmethods': size=7488Kb used=2361Kb max_used=2379Kb free=5126Kb
 bounds [0x0000028d99110000, 0x0000028d99380000, 0x0000028d99860000]
 total_blobs=1613 nmethods=1171 adapters=351
 compilation: enabled
              stopped_count=0, restarted_count=0
 full_count=0

Compilation events (20 events):
Event: 1.141 Thread 0x0000028dade0bb30 1091       3       java.util.zip.ZipFile::<init> (10 bytes)
Event: 1.142 Thread 0x0000028dade0b5a0 nmethod 1083 0x0000028d91ec2410 code [0x0000028d91ec26e0, 0x0000028d91ec3448]
Event: 1.142 Thread 0x0000028dade0b5a0 1092       3       java.nio.file.Files::readAttributes (11 bytes)
Event: 1.142 Thread 0x0000028dade0bb30 nmethod 1091 0x0000028d91ec3990 code [0x0000028d91ec3b40, 0x0000028d91ec3c88]
Event: 1.142 Thread 0x0000028dade0bb30 1093       3       sun.nio.fs.WindowsFileAttributes::isReparsePoint (14 bytes)
Event: 1.142 Thread 0x0000028dade0bb30 nmethod 1093 0x0000028d91ec3d10 code [0x0000028d91ec3ea0, 0x0000028d91ec3ff8]
Event: 1.142 Thread 0x0000028dade0b5a0 nmethod 1092 0x0000028d91ec4090 code [0x0000028d91ec4260, 0x0000028d91ec4528]
Event: 1.142 Thread 0x0000028dade0c650 nmethod 1090 0x0000028d91ec4710 code [0x0000028d91ec49e0, 0x0000028d91ec5aa8]
Event: 1.143 Thread 0x0000028dade0c0c0 nmethod 1056 0x0000028d998c0f90 code [0x0000028d998c1180, 0x0000028d998c1a50]
Event: 1.143 Thread 0x0000028dade0c650 1094       3       java.io.InputStream::readNBytes (53 bytes)
Event: 1.144 Thread 0x0000028dade0c650 nmethod 1094 0x0000028d91ec5f90 code [0x0000028d91ec6180, 0x0000028d91ec6638]
Event: 1.145 Thread 0x0000028dade0c0c0 1095   !   4       java.nio.DirectByteBuffer::get (34 bytes)
Event: 1.146 Thread 0x0000028dade0c0c0 nmethod 1095 0x0000028d998c1f90 code [0x0000028d998c2140, 0x0000028d998c2278]
Event: 1.147 Thread 0x0000028dade0aa80 1096       4       java.lang.invoke.MemberName::getReferenceKind (12 bytes)
Event: 1.148 Thread 0x0000028dade0aa80 nmethod 1096 0x0000028d998c2710 code [0x0000028d998c2880, 0x0000028d998c28f8]
Event: 1.148 Thread 0x0000028dade0b5a0 1099       3       java.lang.Character::charCount (12 bytes)
Event: 1.149 Thread 0x0000028dade0bb30 1100       3       java.lang.String::codePointAt (50 bytes)
Event: 1.149 Thread 0x0000028dade0b5a0 nmethod 1099 0x0000028d91ec6810 code [0x0000028d91ec69c0, 0x0000028d91ec6b38]
Event: 1.149 Thread 0x0000028dade0c650 1101       3       java.util.regex.Pattern::has (15 bytes)
Event: 1.149 Thread 0x0000028dade0b5a0 1102       3       java.util.regex.Pattern::isSupplementary (21 bytes)

GC Heap History (2 events):
Event: 1.059 GC heap before
{Heap before GC invocations=0 (full 0):
 garbage-first heap   total 251904K, used 20480K [0x000000070a200000, 0x0000000800000000)
  region size 2048K, 11 young (22528K), 0 survivors (0K)
 Metaspace       used 4539K, committed 4736K, reserved 1114112K
  class space    used 489K, committed 576K, reserved 1048576K
}
Event: 1.063 GC heap after
{Heap after GC invocations=1 (full 0):
 garbage-first heap   total 251904K, used 7496K [0x000000070a200000, 0x0000000800000000)
  region size 2048K, 2 young (4096K), 2 survivors (4096K)
 Metaspace       used 4539K, committed 4736K, reserved 1114112K
  class space    used 489K, committed 576K, reserved 1048576K
}

Dll operation events (8 events):
Event: 0.123 Loaded shared library C:\Program Files\Java\jdk-19\bin\java.dll
Event: 0.148 Loaded shared library C:\Program Files\Java\jdk-19\bin\jsvml.dll
Event: 0.378 Loaded shared library C:\Program Files\Java\jdk-19\bin\net.dll
Event: 0.408 Loaded shared library C:\Program Files\Java\jdk-19\bin\nio.dll
Event: 0.426 Loaded shared library C:\Program Files\Java\jdk-19\bin\zip.dll
Event: 0.626 Loaded shared library C:\Program Files\Java\jdk-19\bin\jimage.dll
Event: 0.996 Loaded shared library C:\Program Files\Java\jdk-19\bin\management.dll
Event: 1.020 Loaded shared library C:\Program Files\Java\jdk-19\bin\management_ext.dll

Deoptimization events (20 events):
Event: 1.088 Thread 0x0000028d885518f0 DEOPT PACKING pc=0x0000028d91ea3268 sp=0x000000992c5fe6d0
Event: 1.088 Thread 0x0000028d885518f0 DEOPT UNPACKING pc=0x0000028d99177543 sp=0x000000992c5fdb60 mode 0
Event: 1.089 Thread 0x0000028d885518f0 DEOPT PACKING pc=0x0000028d91ea3268 sp=0x000000992c5fe520
Event: 1.089 Thread 0x0000028d885518f0 DEOPT UNPACKING pc=0x0000028d99177543 sp=0x000000992c5fd9b0 mode 0
Event: 1.089 Thread 0x0000028d885518f0 DEOPT PACKING pc=0x0000028d91ea3268 sp=0x000000992c5fe6d0
Event: 1.089 Thread 0x0000028d885518f0 DEOPT UNPACKING pc=0x0000028d99177543 sp=0x000000992c5fdb60 mode 0
Event: 1.108 Thread 0x0000028d885518f0 Uncommon trap: trap_request=0xffffff45 fr.pc=0x0000028d998b86e4 relative=0x00000000000004a4
Event: 1.108 Thread 0x0000028d885518f0 Uncommon trap: reason=unstable_if action=reinterpret pc=0x0000028d998b86e4 method=java.util.jar.Manifest$FastInputStream.readLine([BII)I @ 106 c2
Event: 1.108 Thread 0x0000028d885518f0 DEOPT PACKING pc=0x0000028d998b86e4 sp=0x000000992c5fe520
Event: 1.108 Thread 0x0000028d885518f0 DEOPT UNPACKING pc=0x0000028d99176da3 sp=0x000000992c5fe4b0 mode 2
Event: 1.111 Thread 0x0000028d885518f0 DEOPT PACKING pc=0x0000028d91ea7168 sp=0x000000992c5fe520
Event: 1.111 Thread 0x0000028d885518f0 DEOPT UNPACKING pc=0x0000028d99177543 sp=0x000000992c5fd9b0 mode 0
Event: 1.113 Thread 0x0000028d885518f0 DEOPT PACKING pc=0x0000028d91ea7168 sp=0x000000992c5fe520
Event: 1.114 Thread 0x0000028d885518f0 DEOPT UNPACKING pc=0x0000028d99177543 sp=0x000000992c5fd9b0 mode 0
Event: 1.115 Thread 0x0000028d885518f0 DEOPT PACKING pc=0x0000028d91ea7168 sp=0x000000992c5fe520
Event: 1.115 Thread 0x0000028d885518f0 DEOPT UNPACKING pc=0x0000028d99177543 sp=0x000000992c5fd9b0 mode 0
Event: 1.122 Thread 0x0000028d885518f0 DEOPT PACKING pc=0x0000028d91ea7168 sp=0x000000992c5fe520
Event: 1.122 Thread 0x0000028d885518f0 DEOPT UNPACKING pc=0x0000028d99177543 sp=0x000000992c5fd9b0 mode 0
Event: 1.131 Thread 0x0000028d885518f0 DEOPT PACKING pc=0x0000028d91ea7168 sp=0x000000992c5fe520
Event: 1.131 Thread 0x0000028d885518f0 DEOPT UNPACKING pc=0x0000028d99177543 sp=0x000000992c5fd9b0 mode 0

Classes loaded (20 events):
Event: 1.026 Loading class java/lang/management/DefaultPlatformMBeanProvider$11
Event: 1.026 Loading class java/lang/management/DefaultPlatformMBeanProvider$11 done
Event: 1.026 Loading class jdk/management/jfr/FlightRecorderMXBean
Event: 1.026 Loading class jdk/management/jfr/FlightRecorderMXBean done
Event: 1.026 Loading class jdk/management/jfr/internal/FlightRecorderMXBeanProvider$SingleMBeanComponent
Event: 1.026 Loading class jdk/management/jfr/internal/FlightRecorderMXBeanProvider$SingleMBeanComponent done
Event: 1.028 Loading class java/util/stream/ReduceOps$2
Event: 1.028 Loading class java/util/stream/ReduceOps$2 done
Event: 1.028 Loading class java/util/stream/ReduceOps$2ReducingSink
Event: 1.028 Loading class java/util/stream/ReduceOps$2ReducingSink done
Event: 1.028 Loading class sun/management/RuntimeImpl
Event: 1.028 Loading class sun/management/RuntimeImpl done
Event: 1.028 Loading class java/util/Collections$2
Event: 1.028 Loading class java/util/Collections$2 done
Event: 1.063 Loading class java/util/concurrent/locks/AbstractQueuedSynchronizer$ExclusiveNode
Event: 1.064 Loading class java/util/concurrent/locks/AbstractQueuedSynchronizer$ExclusiveNode done
Event: 1.148 Loading class java/util/regex/Pattern$BnM
Event: 1.148 Loading class java/util/regex/Pattern$BnM done
Event: 1.148 Loading class java/util/regex/Pattern$SliceS
Event: 1.148 Loading class java/util/regex/Pattern$SliceS done

Classes unloaded (0 events):
No events

Classes redefined (0 events):
No events

Internal exceptions (11 events):
Event: 0.694 Thread 0x0000028d885518f0 Exception <a 'java/lang/ClassNotFoundException'{0x0000000718a6cee8}: javax/smartcardio/CardPermission> (0x0000000718a6cee8) 
thrown [s\open\src\hotspot\share\classfile\systemDictionary.cpp, line 255]
Event: 0.698 Thread 0x0000028d885518f0 Exception <a 'java/io/FileNotFoundException'{0x0000000718a7b8c8}> (0x0000000718a7b8c8) 
thrown [s\open\src\hotspot\share\prims\jni.cpp, line 517]
Event: 0.799 Thread 0x0000028d885518f0 Exception <a 'java/lang/NoSuchMethodError'{0x00000007188d9f58}: 'void java.lang.invoke.DirectMethodHandle$Holder.invokeStatic(java.lang.Object, java.lang.Object, java.lang.Object, java.lang.Object)'> (0x00000007188d9f58) 
thrown [s\open\src\hotspot\share\interpreter\linkResolver.cpp, line 774]
Event: 0.838 Thread 0x0000028d885518f0 Exception <a 'java/lang/NoSuchMethodError'{0x0000000718604a40}: 'int java.lang.invoke.DirectMethodHandle$Holder.invokeStaticInit(java.lang.Object, java.lang.Object)'> (0x0000000718604a40) 
thrown [s\open\src\hotspot\share\interpreter\linkResolver.cpp, line 774]
Event: 0.923 Thread 0x0000028d885518f0 Exception <a 'java/lang/NoSuchMethodError'{0x00000007184a5820}: 'java.lang.Object java.lang.invoke.DirectMethodHandle$Holder.invokeInterface(java.lang.Object, java.lang.Object)'> (0x00000007184a5820) 
thrown [s\open\src\hotspot\share\interpreter\linkResolver.cpp, line 774]
Event: 0.927 Thread 0x0000028d885518f0 Exception <a 'java/lang/NoSuchMethodError'{0x00000007184d7788}: 'void java.lang.invoke.DirectMethodHandle$Holder.invokeStatic(java.lang.Object, java.lang.Object, java.lang.Object)'> (0x00000007184d7788) 
thrown [s\open\src\hotspot\share\interpreter\linkResolver.cpp, line 774]
Event: 0.929 Thread 0x0000028d885518f0 Exception <a 'java/lang/NoSuchMethodError'{0x00000007184deae0}: 'void java.lang.invoke.DirectMethodHandle$Holder.invokeStatic(java.lang.Object, java.lang.Object)'> (0x00000007184deae0) 
thrown [s\open\src\hotspot\share\interpreter\linkResolver.cpp, line 774]
Event: 0.944 Thread 0x0000028d885518f0 Exception <a 'java/lang/NoSuchMethodError'{0x0000000718556430}: 'java.lang.Object java.lang.invoke.DirectMethodHandle$Holder.invokeSpecialIFC(java.lang.Object, java.lang.Object, java.lang.Object, java.lang.Object)'> (0x0000000718556430) 
thrown [s\open\src\hotspot\share\interpreter\linkResolver.cpp, line 774]
Event: 0.948 Thread 0x0000028d885518f0 Exception <a 'java/lang/NoSuchMethodError'{0x00000007185767e8}: 'java.lang.Object java.lang.invoke.DirectMethodHandle$Holder.invokeInterface(java.lang.Object, java.lang.Object, java.lang.Object)'> (0x00000007185767e8) 
thrown [s\open\src\hotspot\share\interpreter\linkResolver.cpp, line 774]
Event: 0.979 Thread 0x0000028d885518f0 Exception <a 'java/lang/NoSuchMethodError'{0x0000000718288850}: 'java.lang.Object java.lang.invoke.DirectMethodHandle$Holder.invokeStaticInit(java.lang.Object)'> (0x0000000718288850) 
thrown [s\open\src\hotspot\share\interpreter\linkResolver.cpp, line 774]
Event: 1.028 Thread 0x0000028d885518f0 Exception <a 'java/lang/NoSuchMethodError'{0x00000007182a3b68}: 'int java.lang.invoke.DirectMethodHandle$Holder.invokeSpecial(java.lang.Object, java.lang.Object, java.lang.Object)'> (0x00000007182a3b68) 
thrown [s\open\src\hotspot\share\interpreter\linkResolver.cpp, line 774]

VM Operations (20 events):
Event: 0.616 Executing VM operation: HandshakeAllThreads
Event: 0.616 Executing VM operation: HandshakeAllThreads done
Event: 0.632 Executing VM operation: HandshakeAllThreads
Event: 0.632 Executing VM operation: HandshakeAllThreads done
Event: 0.670 Executing VM operation: HandshakeAllThreads
Event: 0.670 Executing VM operation: HandshakeAllThreads done
Event: 0.671 Executing VM operation: HandshakeAllThreads
Event: 0.671 Executing VM operation: HandshakeAllThreads done
Event: 0.750 Executing VM operation: HandshakeAllThreads
Event: 0.750 Executing VM operation: HandshakeAllThreads done
Event: 0.776 Executing VM operation: HandshakeAllThreads
Event: 0.776 Executing VM operation: HandshakeAllThreads done
Event: 0.917 Executing VM operation: HandshakeAllThreads
Event: 0.917 Executing VM operation: HandshakeAllThreads done
Event: 0.917 Executing VM operation: HandshakeAllThreads
Event: 0.917 Executing VM operation: HandshakeAllThreads done
Event: 1.059 Executing VM operation: G1CollectForAllocation
Event: 1.063 Executing VM operation: G1CollectForAllocation done
Event: 1.064 Executing VM operation: HandshakeAllThreads
Event: 1.064 Executing VM operation: HandshakeAllThreads done

Events (16 events):
Event: 0.149 Thread 0x0000028d885518f0 Thread added: 0x0000028d885518f0
Event: 0.245 Thread 0x0000028daddefcd0 Thread added: 0x0000028daddefcd0
Event: 0.245 Thread 0x0000028daddf2610 Thread added: 0x0000028daddf2610
Event: 0.245 Thread 0x0000028daddf71f0 Thread added: 0x0000028daddf71f0
Event: 0.245 Thread 0x0000028daddf7b20 Thread added: 0x0000028daddf7b20
Event: 0.245 Thread 0x0000028daddf8450 Thread added: 0x0000028daddf8450
Event: 0.246 Thread 0x0000028dade00d90 Thread added: 0x0000028dade00d90
Event: 0.246 Thread 0x0000028dade05500 Thread added: 0x0000028dade05500
Event: 0.246 Thread 0x0000028dade0b5a0 Thread added: 0x0000028dade0b5a0
Event: 0.246 Thread 0x0000028dade17470 Thread added: 0x0000028dade17470
Event: 0.334 Thread 0x0000028dade0bb30 Thread added: 0x0000028dade0bb30
Event: 0.340 Thread 0x0000028db223ed80 Thread added: 0x0000028db223ed80
Event: 0.344 Thread 0x0000028db2247130 Thread added: 0x0000028db2247130
Event: 0.458 Thread 0x0000028dade0aa80 Thread added: 0x0000028dade0aa80
Event: 1.069 Thread 0x0000028dade0c650 Thread added: 0x0000028dade0c650
Event: 1.089 Thread 0x0000028dade0c0c0 Thread added: 0x0000028dade0c0c0


Dynamic libraries:
0x00007ff77bd00000 - 0x00007ff77bd10000 	C:\Program Files\Java\jdk-19\bin\javaw.exe
0x00007ffb92d20000 - 0x00007ffb92f29000 	C:\WINDOWS\SYSTEM32\ntdll.dll
0x00007ffb90bb0000 - 0x00007ffb90c6e000 	C:\WINDOWS\System32\KERNEL32.DLL
0x00007ffb90610000 - 0x00007ffb9098b000 	C:\WINDOWS\System32\KERNELBASE.dll
0x00007ffb90470000 - 0x00007ffb90581000 	C:\WINDOWS\System32\ucrtbase.dll
0x00007ffb809c0000 - 0x00007ffb809d8000 	C:\Program Files\Java\jdk-19\bin\jli.dll
0x00007ffb7e330000 - 0x00007ffb7e34b000 	C:\Program Files\Java\jdk-19\bin\VCRUNTIME140.dll
0x00007ffb927e0000 - 0x00007ffb9288e000 	C:\WINDOWS\System32\ADVAPI32.dll
0x00007ffb92890000 - 0x00007ffb92933000 	C:\WINDOWS\System32\msvcrt.dll
0x00007ffb92c40000 - 0x00007ffb92cde000 	C:\WINDOWS\System32\sechost.dll
0x00007ffb912c0000 - 0x00007ffb913e0000 	C:\WINDOWS\System32\RPCRT4.dll
0x00007ffb92940000 - 0x00007ffb92aed000 	C:\WINDOWS\System32\USER32.dll
0x00007ffb814e0000 - 0x00007ffb81785000 	C:\WINDOWS\WinSxS\amd64_microsoft.windows.common-controls_6595b64144ccf1df_6.0.22000.120_none_9d947278b86cc467\COMCTL32.dll
0x00007ffb90a00000 - 0x00007ffb90a26000 	C:\WINDOWS\System32\win32u.dll
0x00007ffb91a20000 - 0x00007ffb91a49000 	C:\WINDOWS\System32\GDI32.dll
0x00007ffb90350000 - 0x00007ffb90468000 	C:\WINDOWS\System32\gdi32full.dll
0x00007ffb901f0000 - 0x00007ffb9028d000 	C:\WINDOWS\System32\msvcp_win.dll
0x00007ffb86f60000 - 0x00007ffb86f6a000 	C:\WINDOWS\SYSTEM32\VERSION.dll
0x00007ffb919c0000 - 0x00007ffb919f2000 	C:\WINDOWS\System32\IMM32.DLL
0x00007ffb82390000 - 0x00007ffb8239c000 	C:\Program Files\Java\jdk-19\bin\vcruntime140_1.dll
0x00007ffb62170000 - 0x00007ffb621fe000 	C:\Program Files\Java\jdk-19\bin\msvcp140.dll
0x00007ffb23800000 - 0x00007ffb244c0000 	C:\Program Files\Java\jdk-19\bin\server\jvm.dll
0x00007ffb75bf0000 - 0x00007ffb75bf9000 	C:\WINDOWS\SYSTEM32\WSOCK32.dll
0x00007ffb8cf00000 - 0x00007ffb8cf33000 	C:\WINDOWS\SYSTEM32\WINMM.dll
0x00007ffb913e0000 - 0x00007ffb9144f000 	C:\WINDOWS\System32\WS2_32.dll
0x00007ffb8f270000 - 0x00007ffb8f288000 	C:\WINDOWS\SYSTEM32\kernel.appcore.dll
0x00007ffb81ff0000 - 0x00007ffb81ffa000 	C:\Program Files\Java\jdk-19\bin\jimage.dll
0x00007ffb8dc30000 - 0x00007ffb8de51000 	C:\WINDOWS\SYSTEM32\DBGHELP.DLL
0x00007ffb8cf40000 - 0x00007ffb8cf71000 	C:\WINDOWS\SYSTEM32\dbgcore.DLL
0x00007ffb90590000 - 0x00007ffb9060f000 	C:\WINDOWS\System32\bcryptPrimitives.dll
0x00007ffb7e300000 - 0x00007ffb7e326000 	C:\Program Files\Java\jdk-19\bin\java.dll
0x00007ffb2e630000 - 0x00007ffb2e707000 	C:\Program Files\Java\jdk-19\bin\jsvml.dll
0x00007ffb91ac0000 - 0x00007ffb92277000 	C:\WINDOWS\System32\SHELL32.dll
0x00007ffb8e2e0000 - 0x00007ffb8eb45000 	C:\WINDOWS\SYSTEM32\windows.storage.dll
0x00007ffb91450000 - 0x00007ffb917c8000 	C:\WINDOWS\System32\combase.dll
0x00007ffb8e170000 - 0x00007ffb8e2d6000 	C:\WINDOWS\SYSTEM32\wintypes.dll
0x00007ffb917d0000 - 0x00007ffb918ba000 	C:\WINDOWS\System32\SHCORE.dll
0x00007ffb90c80000 - 0x00007ffb90cdd000 	C:\WINDOWS\System32\shlwapi.dll
0x00007ffb90120000 - 0x00007ffb90141000 	C:\WINDOWS\SYSTEM32\profapi.dll
0x00007ffb7e2e0000 - 0x00007ffb7e2f3000 	C:\Program Files\Java\jdk-19\bin\net.dll
0x00007ffb88d10000 - 0x00007ffb88e24000 	C:\WINDOWS\SYSTEM32\WINHTTP.dll
0x00007ffb8f780000 - 0x00007ffb8f7e7000 	C:\WINDOWS\system32\mswsock.dll
0x00007ffb7d7f0000 - 0x00007ffb7d806000 	C:\Program Files\Java\jdk-19\bin\nio.dll
0x00007ffb785d0000 - 0x00007ffb785e8000 	C:\Program Files\Java\jdk-19\bin\zip.dll
0x00007ffb7dff0000 - 0x00007ffb7dffa000 	C:\Program Files\Java\jdk-19\bin\management.dll
0x00007ffb7d870000 - 0x00007ffb7d87b000 	C:\Program Files\Java\jdk-19\bin\management_ext.dll
0x00007ffb90ba0000 - 0x00007ffb90ba8000 	C:\WINDOWS\System32\PSAPI.DLL

dbghelp: loaded successfully - version: 4.0.5 - missing functions: none
symbol engine: initialized successfully - sym options: 0x614 - pdb path: .;C:\Program Files\Java\jdk-19\bin;C:\WINDOWS\SYSTEM32;C:\WINDOWS\WinSxS\amd64_microsoft.windows.common-controls_6595b64144ccf1df_6.0.22000.120_none_9d947278b86cc467;C:\Program Files\Java\jdk-19\bin\server

VM Arguments:
jvm_args: -Dfile.encoding=UTF-8 -XX:+ShowCodeDetailsInExceptionMessages 
java_command: com.hv.accountService.AccountServiceApplication
java_class_path (initial): C:\Users\hvr81\Downloads\new_projects\accountService\accountService\target\classes;C:\Users\hvr81\.m2\repository\org\springframework\boot\spring-boot-starter-data-couchbase\3.0.2\spring-boot-starter-data-couchbase-3.0.2.jar;C:\Users\hvr81\.m2\repository\org\springframework\boot\spring-boot-starter\3.0.2\spring-boot-starter-3.0.2.jar;C:\Users\hvr81\.m2\repository\org\springframework\boot\spring-boot-starter-logging\3.0.2\spring-boot-starter-logging-3.0.2.jar;C:\Users\hvr81\.m2\repository\ch\qos\logback\logback-classic\1.4.5\logback-classic-1.4.5.jar;C:\Users\hvr81\.m2\repository\ch\qos\logback\logback-core\1.4.5\logback-core-1.4.5.jar;C:\Users\hvr81\.m2\repository\org\apache\logging\log4j\log4j-to-slf4j\2.19.0\log4j-to-slf4j-2.19.0.jar;C:\Users\hvr81\.m2\repository\org\apache\logging\log4j\log4j-api\2.19.0\log4j-api-2.19.0.jar;C:\Users\hvr81\.m2\repository\org\slf4j\jul-to-slf4j\2.0.6\jul-to-slf4j-2.0.6.jar;C:\Users\hvr81\.m2\repository\jakarta\annotation\jakarta.annotation-api\2.1.1\jakarta.annotation-api-2.1.1.jar;C:\Users\hvr81\.m2\repository\org\yaml\snakeyaml\1.33\snakeyaml-1.33.jar;C:\Users\hvr81\.m2\repository\org\springframework\data\spring-data-couchbase\5.0.1\spring-data-couchbase-5.0.1.jar;C:\Users\hvr81\.m2\repository\org\springframework\spring-context-support\6.0.4\spring-context-support-6.0.4.jar;C:\Users\hvr81\.m2\repository\org\springframework\data\spring-data-commons\3.0.1\spring-data-commons-3.0.1.jar;C:\Users\hvr81\.m2\repository\com\couchbase\client\java-client\3.4.2\java-client-3.4.2.jar;C:\Users\hvr81\.m2\repository\com\couchbase\client\core-io\2.4.2\core-io-2.4.2.jar;C:\Users\hvr81\.m2\repository\org\reactivestreams\reactive-streams\1.0.4\reactive-streams-1.0.4.jar;C:\Users\hvr81\.m2\repository\org\springframework\boot\spring-boot-starter-web\3.0.2\spring-boot-starter-web-3.0.2.jar;C:\Users\hvr81\.m2\repository\org\springframework\boot\spring-boot-starter-json\3.0.2\spring-boot-starter-json-3.0.2.jar;C:\Users\hvr81\.m2\repository\com\fasterxml\jackson\datatype\jackson-datatype-jdk8\2.14.1\jackson-datatype-jdk8-2.14.1.jar;C:\Users\hvr81\.m2\repository\com\fasterxml\jackson\datatype\jackson-datatype-jsr310\2.14.1\jackson-datatype-jsr310-2.14.1.jar;C:\Users\hvr81\.m2\repository\com\fasterxml\jackson\module\jackson-module-parameter-names\2.14.1\jackson-module-parameter-names-2.14.1.jar;C:\Users\hvr81\.m2\repository\org\springframework\boot\spring-boot-starter-tomcat\3.0.2\spring-boot-starter-tomcat-3.0.2.jar;C:\Users\hvr81\.m2\repository\org\apache\tomcat\embed\tomcat-embed-core\10.1.5\tomcat-embed-core-10.1.5.jar;C:\Users\hvr81\.m2\repository\org\apache\tomcat\embed\tomcat-embed-el\10.1.5\tomcat-embed-el-10.1.5.jar;C:\Users\hvr81\.m2\repository\org\apache\tomcat\embed\tomcat-embed-websocket\10.1.5\tomcat-embed-websocket-10.1.5.jar;C:\Users\hvr81\.m2\repository\org\springframework\spring-web\6.0.4\spring-web-6.0.4.jar;C:\Users\hvr81\.m2\repository\org\springframework\spring-beans\6.0.4\spring-beans-6.0.4.jar;C:\Users\hvr81\.m2\repository\org\springframework\spring-webmvc\6.0.4\spring-webmvc-6.0.4.jar;C:\Users\hvr81\.m2\repository\org\springframework\spring-aop\6.0.4\spring-aop-6.0.4.jar;C:\Users\hvr81\.m2\repository\org\springframework\spring-expression\6.0.4\spring-expression-6.0.4.jar;C:\Users\hvr81\.m2\repository\org\springframework\cloud\spring-cloud-starter-config\4.0.0\spring-cloud-starter-config-4.0.0.jar;C:\Users\hvr81\.m2\repository\org\springframework\cloud\spring-cloud-starter\4.0.0\spring-cloud-starter-4.0.0.jar;C:\Users\hvr81\.m2\repository\org\springframework\cloud\spring-cloud-context\4.0.0\spring-cloud-context-4.0.0.jar;C:\Users\hvr81\.m2\repository\org\springframework\security\spring-security-rsa\1.0.11.RELEASE\spring-security-rsa-1.0.11.RELEASE.jar;C:\Users\hvr81\.m2\repository\org\bouncycastle\bcpkix-jdk15on\1.69\bcpkix-jdk15on-1.69.jar;C:\Users\hvr81\.m2\repository\org\bouncycastle\bcprov-jdk15on\1.69\bcprov-jdk15on-1.69.jar;C:\Users\hvr81\.m2\repository\org\bouncycastle\bcutil-jdk15on\1.69\bcutil-jdk15on-1.69.jar;C:\Users\hvr81\.m2\repository\org\springframework\cloud\spring-cloud-config-client\4.0.0\spring-cloud-config-client-4.0.0.jar;C:\Users\hvr81\.m2\repository\com\fasterxml\jackson\core\jackson-annotations\2.14.1\jackson-annotations-2.14.1.jar;C:\Users\hvr81\.m2\repository\org\apache\httpcomponents\client5\httpclient5\5.1.4\httpclient5-5.1.4.jar;C:\Users\hvr81\.m2\repository\org\apache\httpcomponents\core5\httpcore5\5.1.5\httpcore5-5.1.5.jar;C:\Users\hvr81\.m2\repository\org\apache\httpcomponents\core5\httpcore5-h2\5.1.5\httpcore5-h2-5.1.5.jar;C:\Users\hvr81\.m2\repository\commons-codec\commons-codec\1.15\commons-codec-1.15.jar;C:\Users\hvr81\.m2\repository\com\fasterxml\jackson\core\jackson-databind\2.14.1\jackson-databind-2.14.1.jar;C:\Users\hvr81\.m2\repository\com\fasterxml\jackson\core\jackson-core\2.14.1\jackson-core-2.14.1.jar;C:\Users\hvr81\.m2\repository\org\springframework\cloud\spring-cloud-starter-netflix-eureka-client\4.0.0\spring-cloud-starter-netflix-eureka-client-4.0.0.jar;C:\Users\hvr81\.m2\repository\org\springframework\cloud\spring-cloud-netflix-eureka-client\4.0.0\spring-cloud-netflix-eureka-client-4.0.0.jar;C:\Users\hvr81\.m2\repository\com\netflix\eureka\eureka-client\2.0.0\eureka-client-2.0.0.jar;C:\Users\hvr81\.m2\repository\com\netflix\netflix-commons\netflix-eventbus\0.3.0\netflix-eventbus-0.3.0.jar;C:\Users\hvr81\.m2\repository\com\netflix\netflix-commons\netflix-infix\0.3.0\netflix-infix-0.3.0.jar;C:\Users\hvr81\.m2\repository\commons-jxpath\commons-jxpath\1.3\commons-jxpath-1.3.jar;C:\Users\hvr81\.m2\repository\joda-time\joda-time\2.3\joda-time-2.3.jar;C:\Users\hvr81\.m2\repository\org\antlr\antlr-runtime\3.4\antlr-runtime-3.4.jar;C:\Users\hvr81\.m2\repository\org\antlr\stringtemplate\3.2.1\stringtemplate-3.2.1.jar;C:\Users\hvr81\.m2\repository\antlr\antlr\2.7.7\antlr-2.7.7.jar;C:\Users\hvr81\.m2\repository\com\google\code\gson\gson\2.9.1\gson-2.9.1.jar;C:\Users\hvr81\.m2\repository\org\apache\commons\commons-math\2.2\commons-math-2.2.jar;C:\Users\hvr81\.m2\repository\com\thoughtworks\xstream\xstream\1.4.19\xstream-1.4.19.jar;C:\Users\hvr81\.m2\repository\io\github\x-stream\mxparser\1.2.2\mxparser-1.2.2.jar;C:\Users\hvr81\.m2\repository\xmlpull\xmlpull\1.1.3.1\xmlpull-1.1.3.1.jar;C:\Users\hvr81\.m2\repository\jakarta\ws\rs\jakarta.ws.rs-api\3.1.0\jakarta.ws.rs-api-3.1.0.jar;C:\Users\hvr81\.m2\repository\jakarta\inject\jakarta.inject-api\2.0.1\jakarta.inject-api-2.0.1.jar;C:\Users\hvr81\.m2\repository\com\netflix\servo\servo-core\0.12.21\servo-core-0.12.21.jar;C:\Users\hvr81\.m2\repository\com\google\guava\guava\19.0\guava-19.0.jar;C:\Users\hvr81\.m2\repository\org\apache\httpcomponents\httpclient\4.5.14\httpclient-4.5.14.jar;C:\Users\hvr81\.m2\repository\org\apache\httpcomponents\httpcore\4.4.16\httpcore-4.4.16.jar;C:\Users\hvr81\.m2\repository\commons-configuration\commons-configuration\1.10\commons-configuration-1.10.jar;C:\Users\hvr81\.m2\repository\commons-lang\commons-lang\2.6\commons-lang-2.6.jar;C:\Users\hvr81\.m2\repository\org\codehaus\jettison\jettison\1.4.0\jettison-1.4.0.jar;C:\Users\hvr81\.m2\repository\com\netflix\eureka\eureka-core\2.0.0\eureka-core-2.0.0.jar;C:\Users\hvr81\.m2\repository\jakarta\servlet\jakarta.servlet-api\6.0.0\jakarta.servlet-api-6.0.0.jar;C:\Users\hvr81\.m2\repository\com\fasterxml\woodstox\woodstox-core\6.2.1\woodstox-core-6.2.1.jar;C:\Users\hvr81\.m2\repository\org\codehaus\woodstox\stax2-api\4.2.1\stax2-api-4.2.1.jar;C:\Users\hvr81\.m2\repository\org\springframework\cloud\spring-cloud-starter-loadbalancer\4.0.0\spring-cloud-starter-loadbalancer-4.0.0.jar;C:\Users\hvr81\.m2\repository\org\springframework\cloud\spring-cloud-loadbalancer\4.0.0\spring-cloud-loadbalancer-4.0.0.jar;C:\Users\hvr81\.m2\repository\io\projectreactor\reactor-core\3.5.2\reactor-core-3.5.2.jar;C:\Users\hvr81\.m2\repository\io\projectreactor\addons\reactor-extra\3.5.0\reactor-extra-3.5.0.jar;C:\Users\hvr81\.m2\repository\org\springframework\boot\spring-boot-starter-cache\3.0.2\spring-boot-starter-cache-3.0.2.jar;C:\Users\hvr81\.m2\repository\com\stoyanr\evictor\1.0.0\evictor-1.0.0.jar;C:\Users\hvr81\.m2\repository\org\springframework\cloud\spring-cloud-starter-openfeign\4.0.0\spring-cloud-starter-openfeign-4.0.0.jar;C:\Users\hvr81\.m2\repository\org\springframework\cloud\spring-cloud-openfeign-core\4.0.0\spring-cloud-openfeign-core-4.0.0.jar;C:\Users\hvr81\.m2\repository\org\springframework\boot\spring-boot-starter-aop\3.0.2\spring-boot-starter-aop-3.0.2.jar;C:\Users\hvr81\.m2\repository\org\aspectj\aspectjweaver\1.9.19\aspectjweaver-1.9.19.jar;C:\Users\hvr81\.m2\repository\io\github\openfeign\form\feign-form-spring\3.8.0\feign-form-spring-3.8.0.jar;C:\Users\hvr81\.m2\repository\io\github\openfeign\form\feign-form\3.8.0\feign-form-3.8.0.jar;C:\Users\hvr81\.m2\repository\commons-fileupload\commons-fileupload\1.4\commons-fileupload-1.4.jar;C:\Users\hvr81\.m2\repository\org\springframework\cloud\spring-cloud-commons\4.0.0\spring-cloud-commons-4.0.0.jar;C:\Users\hvr81\.m2\repository\org\springframework\security\spring-security-crypto\6.0.1\spring-security-crypto-6.0.1.jar;C:\Users\hvr81\.m2\repository\io\github\openfeign\feign-core\12.1\feign-core-12.1.jar;C:\Users\hvr81\.m2\repository\io\github\openfeign\feign-slf4j\12.1\feign-slf4j-12.1.jar;C:\Users\hvr81\.m2\repository\org\springframework\boot\spring-boot-devtools\3.0.2\spring-boot-devtools-3.0.2.jar;C:\Users\hvr81\.m2\repository\org\springframework\boot\spring-boot\3.0.2\spring-boot-3.0.2.jar;C:\Users\hvr81\.m2\repository\org\springframework\boot\spring-boot-autoconfigure\3.0.2\spring-boot-autoconfigure-3.0.2.jar;C:\Users\hvr81\.m2\repository\io\github\resilience4j\resilience4j-spring-boot2\2.0.2\resilience4j-spring-boot2-2.0.2.jar;C:\Users\hvr81\.m2\repository\io\github\resilience4j\resilience4j-spring\2.0.2\resilience4j-spring-2.0.2.jar;C:\Users\hvr81\.m2\repository\io\github\resilience4j\resilience4j-annotations\2.0.2\resilience4j-annotations-2.0.2.jar;C:\Users\hvr81\.m2\repository\io\github\resilience4j\resilience4j-consumer\2.0.2\resilience4j-consumer-2.0.2.jar;C:\Users\hvr81\.m2\repository\io\github\resilience4j\resilience4j-core\2.0.2\resilience4j-core-2.0.2.jar;C:\Users\hvr81\.m2\repository\io\github\resilience4j\resilience4j-circularbuffer\2.0.2\resilience4j-circularbuffer-2.0.2.jar;C:\Users\hvr81\.m2\repository\io\github\resilience4j\resilience4j-framework-common\2.0.2\resilience4j-framework-common-2.0.2.jar;C:\Users\hvr81\.m2\repository\org\slf4j\slf4j-api\2.0.6\slf4j-api-2.0.6.jar;C:\Users\hvr81\.m2\repository\io\github\resilience4j\resilience4j-micrometer\2.0.2\resilience4j-micrometer-2.0.2.jar;C:\Users\hvr81\.m2\repository\io\micrometer\micrometer-core\1.10.3\micrometer-core-1.10.3.jar;C:\Users\hvr81\.m2\repository\org\hdrhistogram\HdrHistogram\2.1.12\HdrHistogram-2.1.12.jar;C:\Users\hvr81\.m2\repository\org\latencyutils\LatencyUtils\2.0.3\LatencyUtils-2.0.3.jar;C:\Users\hvr81\.m2\repository\io\github\resilience4j\resilience4j-bulkhead\2.0.2\resilience4j-bulkhead-2.0.2.jar;C:\Users\hvr81\.m2\repository\io\github\resilience4j\resilience4j-circuitbreaker\2.0.2\resilience4j-circuitbreaker-2.0.2.jar;C:\Users\hvr81\.m2\repository\io\github\resilience4j\resilience4j-retry\2.0.2\resilience4j-retry-2.0.2.jar;C:\Users\hvr81\.m2\repository\io\github\resilience4j\resilience4j-ratelimiter\2.0.2\resilience4j-ratelimiter-2.0.2.jar;C:\Users\hvr81\.m2\repository\io\github\resilience4j\resilience4j-timelimiter\2.0.2\resilience4j-timelimiter-2.0.2.jar;C:\Users\hvr81\.m2\repository\org\springframework\kafka\spring-kafka\3.0.2\spring-kafka-3.0.2.jar;C:\Users\hvr81\.m2\repository\org\springframework\spring-context\6.0.4\spring-context-6.0.4.jar;C:\Users\hvr81\.m2\repository\org\springframework\spring-messaging\6.0.4\spring-messaging-6.0.4.jar;C:\Users\hvr81\.m2\repository\org\springframework\spring-tx\6.0.4\spring-tx-6.0.4.jar;C:\Users\hvr81\.m2\repository\org\springframework\retry\spring-retry\2.0.0\spring-retry-2.0.0.jar;C:\Users\hvr81\.m2\repository\org\apache\kafka\kafka-clients\3.3.2\kafka-clients-3.3.2.jar;C:\Users\hvr81\.m2\repository\com\github\luben\zstd-jni\1.5.2-1\zstd-jni-1.5.2-1.jar;C:\Users\hvr81\.m2\repository\org\lz4\lz4-java\1.8.0\lz4-java-1.8.0.jar;C:\Users\hvr81\.m2\repository\org\xerial\snappy\snappy-java\1.1.8.4\snappy-java-1.1.8.4.jar;C:\Users\hvr81\.m2\repository\io\micrometer\micrometer-observation\1.10.3\micrometer-observation-1.10.3.jar;C:\Users\hvr81\.m2\repository\io\micrometer\micrometer-commons\1.10.3\micrometer-commons-1.10.3.jar;C:\Users\hvr81\.m2\repository\com\google\code\findbugs\jsr305\3.0.2\jsr305-3.0.2.jar;C:\Users\hvr81\.m2\repository\org\springframework\spring-core\6.0.4\spring-core-6.0.4.jar;C:\Users\hvr81\.m2\repository\org\springframework\spring-jcl\6.0.4\spring-jcl-6.0.4.jar
Launcher Type: SUN_STANDARD

[Global flags]
     intx CICompilerCount                          = 12                                        {product} {ergonomic}
     uint ConcGCThreads                            = 3                                         {product} {ergonomic}
     uint G1ConcRefinementThreads                  = 13                                        {product} {ergonomic}
   size_t G1HeapRegionSize                         = 2097152                                   {product} {ergonomic}
    uintx GCDrainStackTargetSize                   = 64                                        {product} {ergonomic}
   size_t InitialHeapSize                          = 257949696                                 {product} {ergonomic}
   size_t MarkStackSize                            = 4194304                                   {product} {ergonomic}
   size_t MaxHeapSize                              = 4125097984                                {product} {ergonomic}
   size_t MaxNewSize                               = 2474639360                                {product} {ergonomic}
   size_t MinHeapDeltaBytes                        = 2097152                                   {product} {ergonomic}
   size_t MinHeapSize                              = 8388608                                   {product} {ergonomic}
    uintx NonNMethodCodeHeapSize                   = 7602480                                {pd product} {ergonomic}
    uintx NonProfiledCodeHeapSize                  = 122027880                              {pd product} {ergonomic}
    uintx ProfiledCodeHeapSize                     = 122027880                              {pd product} {ergonomic}
    uintx ReservedCodeCacheSize                    = 251658240                              {pd product} {ergonomic}
     bool SegmentedCodeCache                       = true                                      {product} {ergonomic}
     bool ShowCodeDetailsInExceptionMessages       = true                                   {manageable} {command line}
   size_t SoftMaxHeapSize                          = 4125097984                             {manageable} {ergonomic}
     bool UseCompressedClassPointers               = true                           {product lp64_product} {ergonomic}
     bool UseCompressedOops                        = true                           {product lp64_product} {ergonomic}
     bool UseG1GC                                  = true                                      {product} {ergonomic}
     bool UseLargePagesIndividualAllocation        = false                                  {pd product} {ergonomic}

Logging:
Log output configuration:
 #0: stdout all=warning uptime,level,tags foldmultilines=false
 #1: stderr all=off uptime,level,tags foldmultilines=false

Environment Variables:
PATH=C:\Program Files\Common Files\Oracle\Java\javapath;C:\WINDOWS\system32;C:\WINDOWS;C:\WINDOWS\System32\Wbem;C:\WINDOWS\System32\WindowsPowerShell\v1.0\;C:\WINDOWS\System32\OpenSSH\;C:\Program Files\Git\cmd;C:\Users\hvr81\AppData\Local\Microsoft\WindowsApps;;C:\Program Files\JetBrains\PyCharm Community Edition 2021.3.3\bin;;C:\Program Files\JetBrains\IntelliJ IDEA 2022.3.1\bin;
USERNAME=hvr81
OS=Windows_NT
PROCESSOR_IDENTIFIER=AMD64 Family 23 Model 104 Stepping 1, AuthenticAMD
TMP=C:\Users\hvr81\AppData\Local\Temp
TEMP=C:\Users\hvr81\AppData\Local\Temp



---------------  S Y S T E M  ---------------

OS:
 Windows 11 , 64 bit Build 22000 (10.0.22000.1335)
OS uptime: 0 days 18:28 hours

CPU: total 16 (initial active 16) (16 cores per cpu, 2 threads per core) family 23 model 104 stepping 1 microcode 0x0, cx8, cmov, fxsr, ht, mmx, 3dnowpref, sse, sse2, sse3, ssse3, sse4a, sse4.1, sse4.2, popcnt, lzcnt, tsc, tscinvbit, avx, avx2, aes, clmul, bmi1, bmi2, adx, sha, fma, vzeroupper, clflush, clflushopt, rdtscp, rdpid

Memory: 4k page, system-wide physical 15734M (6528M free)
TotalPageFile size 19274M (AvailPageFile size 5M)
current process WorkingSet (physical memory assigned to process): 84M, peak: 84M
current process commit charge ("private bytes"): 363M, peak: 363M

vm_info: Java HotSpot(TM) 64-Bit Server VM (19.0.1+10-21) for windows-amd64 JRE (19.0.1+10-21), built on 2022-09-14T12:45:06Z by "mach5one" with MS VC++ 17.1 (VS2022)

END.
