#
# There is insufficient memory for the Java Runtime Environment to continue.
# Native memory allocation (malloc) failed to allocate 453216 bytes for Chunk::new
# Possible reasons:
#   The system is out of physical RAM or swap space
#   The process is running with CompressedOops enabled, and the Java Heap may be blocking the growth of the native heap
# Possible solutions:
#   Reduce memory load on the system
#   Increase physical memory or swap space
#   Check if swap backing store is full
#   Decrease Java heap size (-Xmx/-Xms)
#   Decrease number of Java threads
#   Decrease Java thread stack sizes (-Xss)
#   Set larger code cache with -XX:ReservedCodeCacheSize=
#   JVM is running with Zero Based Compressed Oops mode in which the Java heap is
#     placed in the first 32GB address space. The Java Heap base address is the
#     maximum limit for the native heap growth. Please use -XX:HeapBaseMinAddress
#     to set the Java Heap base and to place the Java Heap above 32GB virtual address.
# This output file may be truncated or incomplete.
#
#  Out of Memory Error (arena.cpp:184), pid=52496, tid=50548
#
# JRE version: Java(TM) SE Runtime Environment (19.0.1+10) (build 19.0.1+10-21)
# Java VM: Java HotSpot(TM) 64-Bit Server VM (19.0.1+10-21, mixed mode, sharing, tiered, compressed oops, compressed class ptrs, g1 gc, windows-amd64)
# No core dump will be written. Minidumps are not enabled by default on client versions of Windows
#

---------------  S U M M A R Y ------------

Command Line: -Dfile.encoding=UTF-8 -XX:+ShowCodeDetailsInExceptionMessages com.hv.accountService.AccountServiceApplication

Host: AMD Ryzen 7 5700U with Radeon Graphics         , 16 cores, 15G,  Windows 11 , 64 bit Build 22000 (10.0.22000.1335)
Time: Mon Jan 30 14:29:04 2023 India Standard Time elapsed time: 2.084664 seconds (0d 0h 0m 2s)

---------------  T H R E A D  ---------------

Current thread (0x00000266f6dfd780):  JavaThread "C2 CompilerThread2" daemon [_thread_in_native, id=50548, stack(0x000000fcae100000,0x000000fcae200000)]


Current CompileTask:
C2:   2084 2422   !   4       java.util.zip.InflaterInputStream::read (122 bytes)

Stack: [0x000000fcae100000,0x000000fcae200000]
Native frames: (J=compiled Java code, j=interpreted, Vv=VM code, C=native code)
V  [jvm.dll+0x6ee8fa]
V  [jvm.dll+0x857a1e]
V  [jvm.dll+0x85940e]
V  [jvm.dll+0x859ac3]
V  [jvm.dll+0x28291f]
V  [jvm.dll+0xc9b5f]
V  [jvm.dll+0xc9ee5]
V  [jvm.dll+0x3bcbac]
V  [jvm.dll+0x386201]
V  [jvm.dll+0x38567a]
V  [jvm.dll+0x24c2c9]
V  [jvm.dll+0x24b671]
V  [jvm.dll+0x1d6d61]
V  [jvm.dll+0x25b0fa]
V  [jvm.dll+0x259588]
V  [jvm.dll+0x807928]
V  [jvm.dll+0x8015fa]
V  [jvm.dll+0x6ed5eb]
C  [ucrtbase.dll+0x26c0c]
C  [KERNEL32.DLL+0x155a0]
C  [ntdll.dll+0x485b]


---------------  P R O C E S S  ---------------

Threads class SMR info:
_java_thread_list=0x00000266f7292c20, length=19, elements={
0x00000266cdef3490, 0x00000266f0cf35b0, 0x00000266f0cf4680, 0x00000266f0cfa4f0,
0x00000266f0cfae20, 0x00000266f0cfbef0, 0x00000266f0cfc820, 0x00000266f0d0b940,
0x00000266f5c13ba0, 0x00000266f5c1cca0, 0x00000266f5ca2b50, 0x00000266f5d7c4f0,
0x00000266f5d89910, 0x00000266f5e5d8a0, 0x00000266f658b330, 0x00000266f6baadd0,
0x00000266f6516ca0, 0x00000266f6ead6c0, 0x00000266f6dfd780
}

Java Threads: ( => current thread )
  0x00000266cdef3490 JavaThread "main" [_thread_blocked, id=50736, stack(0x000000fcac100000,0x000000fcac200000)]
  0x00000266f0cf35b0 JavaThread "Reference Handler" daemon [_thread_blocked, id=51028, stack(0x000000fcac800000,0x000000fcac900000)]
  0x00000266f0cf4680 JavaThread "Finalizer" daemon [_thread_blocked, id=50704, stack(0x000000fcac900000,0x000000fcaca00000)]
  0x00000266f0cfa4f0 JavaThread "Signal Dispatcher" daemon [_thread_blocked, id=45376, stack(0x000000fcaca00000,0x000000fcacb00000)]
  0x00000266f0cfae20 JavaThread "Attach Listener" daemon [_thread_blocked, id=47972, stack(0x000000fcacb00000,0x000000fcacc00000)]
  0x00000266f0cfbef0 JavaThread "Service Thread" daemon [_thread_blocked, id=49376, stack(0x000000fcacc00000,0x000000fcacd00000)]
  0x00000266f0cfc820 JavaThread "Monitor Deflation Thread" daemon [_thread_blocked, id=50264, stack(0x000000fcacd00000,0x000000fcace00000)]
  0x00000266f0d0b940 JavaThread "C2 CompilerThread0" daemon [_thread_in_native, id=52072, stack(0x000000fcace00000,0x000000fcacf00000)]
  0x00000266f5c13ba0 JavaThread "C1 CompilerThread0" daemon [_thread_blocked, id=48856, stack(0x000000fcacf00000,0x000000fcad000000)]
  0x00000266f5c1cca0 JavaThread "Sweeper thread" daemon [_thread_blocked, id=51808, stack(0x000000fcad000000,0x000000fcad100000)]
  0x00000266f5ca2b50 JavaThread "C1 CompilerThread1" daemon [_thread_blocked, id=46752, stack(0x000000fcad100000,0x000000fcad200000)]
  0x00000266f5d7c4f0 JavaThread "Notification Thread" daemon [_thread_blocked, id=43484, stack(0x000000fcad200000,0x000000fcad300000)]
  0x00000266f5d89910 JavaThread "Common-Cleaner" daemon [_thread_blocked, id=46140, stack(0x000000fcad400000,0x000000fcad500000)]
  0x00000266f5e5d8a0 JavaThread "C2 CompilerThread1" daemon [_thread_in_native, id=52544, stack(0x000000fcad500000,0x000000fcad600000)]
  0x00000266f658b330 JavaThread "C1 CompilerThread2" daemon [_thread_blocked, id=45440, stack(0x000000fcad600000,0x000000fcad700000)]
  0x00000266f6baadd0 JavaThread "Thread-0" [_thread_blocked, id=47384, stack(0x000000fcadd00000,0x000000fcade00000)]
  0x00000266f6516ca0 JavaThread "restartedMain" [_thread_in_vm, id=51252, stack(0x000000fcade00000,0x000000fcadf00000)]
  0x00000266f6ead6c0 JavaThread "C1 CompilerThread3" daemon [_thread_blocked, id=52572, stack(0x000000fcae000000,0x000000fcae100000)]
=>0x00000266f6dfd780 JavaThread "C2 CompilerThread2" daemon [_thread_in_native, id=50548, stack(0x000000fcae100000,0x000000fcae200000)]

Other Threads:
  0x00000266f0cd8e50 VMThread "VM Thread" [stack: 0x000000fcac700000,0x000000fcac800000] [id=52448]
  0x00000266f5d856a0 WatcherThread "VM Periodic Task Thread" [stack: 0x000000fcad300000,0x000000fcad400000] [id=27920]
  0x00000266cdf644e0 WorkerThread "GC Thread#0" [stack: 0x000000fcac200000,0x000000fcac300000] [id=52456]
  0x00000266f6968fe0 WorkerThread "GC Thread#1" [stack: 0x000000fcad700000,0x000000fcad800000] [id=51652]
  0x00000266f6969850 WorkerThread "GC Thread#2" [stack: 0x000000fcad800000,0x000000fcad900000] [id=48792]
  0x00000266f69692b0 WorkerThread "GC Thread#3" [stack: 0x000000fcad900000,0x000000fcada00000] [id=52136]
  0x00000266f6968a40 WorkerThread "GC Thread#4" [stack: 0x000000fcada00000,0x000000fcadb00000] [id=52176]
  0x00000266f6967f00 WorkerThread "GC Thread#5" [stack: 0x000000fcadb00000,0x000000fcadc00000] [id=52576]
  0x00000266f6968d10 WorkerThread "GC Thread#6" [stack: 0x000000fcadc00000,0x000000fcadd00000] [id=46496]
  0x00000266cdf763c0 ConcurrentGCThread "G1 Main Marker" [stack: 0x000000fcac300000,0x000000fcac400000] [id=52508]
  0x00000266cdf76cf0 WorkerThread "G1 Conc#0" [stack: 0x000000fcac400000,0x000000fcac500000] [id=52512]
  0x00000266cdfae090 ConcurrentGCThread "G1 Refine#0" [stack: 0x000000fcac500000,0x000000fcac600000] [id=51596]
  0x00000266f0b960a0 ConcurrentGCThread "G1 Service" [stack: 0x000000fcac600000,0x000000fcac700000] [id=49324]

Threads with active compile tasks:
C2 CompilerThread0     2099 2468       4       java.util.zip.ZipCoder::hash (36 bytes)
C2 CompilerThread1     2099 2458   !   4       java.net.URL::<init> (543 bytes)
C2 CompilerThread2     2099 2422   !   4       java.util.zip.InflaterInputStream::read (122 bytes)

VM state: not at safepoint (normal execution)

VM Mutex/Monitor currently owned by a thread: None

Heap address: 0x000000070a200000, size: 3934 MB, Compressed Oops mode: Zero based, Oop shift amount: 3

CDS archive(s) mapped at: [0x0000000800000000-0x0000000800c40000-0x0000000800c40000), size 12845056, SharedBaseAddress: 0x0000000800000000, ArchiveRelocationMode: 0.
Compressed class space mapped at: 0x0000000801000000-0x0000000841000000, reserved size: 1073741824
Narrow klass base: 0x0000000800000000, Narrow klass shift: 0, Narrow klass range: 0x100000000

GC Precious Log:
 CardTable entry size: 512
 Card Set container configuration: InlinePtr #cards 4 size 8 Array Of Cards #cards 16 size 48 Howl #buckets 8 coarsen threshold 3686 Howl Bitmap #cards 512 size 80 coarsen threshold 460 Card regions per heap region 1 cards per card region 4096
 CPUs: 16 total, 16 available
 Memory: 15734M
 Large Page Support: Disabled
 NUMA Support: Disabled
 Compressed Oops: Enabled (Zero based)
 Heap Region Size: 2M
 Heap Min Capacity: 8M
 Heap Initial Capacity: 246M
 Heap Max Capacity: 3934M
 Pre-touch: Disabled
 Parallel Workers: 13
 Concurrent Workers: 3
 Concurrent Refinement Workers: 13
 Periodic GC: Disabled

Heap:
 garbage-first heap   total 251904K, used 37629K [0x000000070a200000, 0x0000000800000000)
  region size 2048K, 17 young (34816K), 1 survivors (2048K)
 Metaspace       used 16059K, committed 16320K, reserved 1114112K
  class space    used 1896K, committed 2048K, reserved 1048576K

Heap Regions: E=young(eden), S=young(survivor), O=old, HS=humongous(starts), HC=humongous(continues), CS=collection set, F=free, OA=open archive, CA=closed archive, TAMS=top-at-mark-start (previous, next)
|   0|0x000000070a200000, 0x000000070a400000, 0x000000070a400000|100%| O|  |TAMS 0x000000070a200000, 0x000000070a200000| Untracked 
|   1|0x000000070a400000, 0x000000070a600000, 0x000000070a600000|100%| O|  |TAMS 0x000000070a400000, 0x000000070a400000| Untracked 
|   2|0x000000070a600000, 0x000000070a800000, 0x000000070a800000|100%| O|  |TAMS 0x000000070a600000, 0x000000070a600000| Untracked 
|   3|0x000000070a800000, 0x000000070a968400, 0x000000070aa00000| 70%| O|  |TAMS 0x000000070a800000, 0x000000070a800000| Untracked 
|   4|0x000000070aa00000, 0x000000070aa00000, 0x000000070ac00000|  0%| F|  |TAMS 0x000000070aa00000, 0x000000070aa00000| Untracked 
|   5|0x000000070ac00000, 0x000000070ac00000, 0x000000070ae00000|  0%| F|  |TAMS 0x000000070ac00000, 0x000000070ac00000| Untracked 
|   6|0x000000070ae00000, 0x000000070ae00000, 0x000000070b000000|  0%| F|  |TAMS 0x000000070ae00000, 0x000000070ae00000| Untracked 
|   7|0x000000070b000000, 0x000000070b000000, 0x000000070b200000|  0%| F|  |TAMS 0x000000070b000000, 0x000000070b000000| Untracked 
|   8|0x000000070b200000, 0x000000070b200000, 0x000000070b400000|  0%| F|  |TAMS 0x000000070b200000, 0x000000070b200000| Untracked 
|   9|0x000000070b400000, 0x000000070b400000, 0x000000070b600000|  0%| F|  |TAMS 0x000000070b400000, 0x000000070b400000| Untracked 
|  10|0x000000070b600000, 0x000000070b600000, 0x000000070b800000|  0%| F|  |TAMS 0x000000070b600000, 0x000000070b600000| Untracked 
|  11|0x000000070b800000, 0x000000070b800000, 0x000000070ba00000|  0%| F|  |TAMS 0x000000070b800000, 0x000000070b800000| Untracked 
|  12|0x000000070ba00000, 0x000000070ba00000, 0x000000070bc00000|  0%| F|  |TAMS 0x000000070ba00000, 0x000000070ba00000| Untracked 
|  13|0x000000070bc00000, 0x000000070bc00000, 0x000000070be00000|  0%| F|  |TAMS 0x000000070bc00000, 0x000000070bc00000| Untracked 
|  14|0x000000070be00000, 0x000000070be00000, 0x000000070c000000|  0%| F|  |TAMS 0x000000070be00000, 0x000000070be00000| Untracked 
|  15|0x000000070c000000, 0x000000070c000000, 0x000000070c200000|  0%| F|  |TAMS 0x000000070c000000, 0x000000070c000000| Untracked 
|  16|0x000000070c200000, 0x000000070c200000, 0x000000070c400000|  0%| F|  |TAMS 0x000000070c200000, 0x000000070c200000| Untracked 
|  17|0x000000070c400000, 0x000000070c400000, 0x000000070c600000|  0%| F|  |TAMS 0x000000070c400000, 0x000000070c400000| Untracked 
|  18|0x000000070c600000, 0x000000070c600000, 0x000000070c800000|  0%| F|  |TAMS 0x000000070c600000, 0x000000070c600000| Untracked 
|  19|0x000000070c800000, 0x000000070c800000, 0x000000070ca00000|  0%| F|  |TAMS 0x000000070c800000, 0x000000070c800000| Untracked 
|  20|0x000000070ca00000, 0x000000070ca00000, 0x000000070cc00000|  0%| F|  |TAMS 0x000000070ca00000, 0x000000070ca00000| Untracked 
|  21|0x000000070cc00000, 0x000000070cc00000, 0x000000070ce00000|  0%| F|  |TAMS 0x000000070cc00000, 0x000000070cc00000| Untracked 
|  22|0x000000070ce00000, 0x000000070ce00000, 0x000000070d000000|  0%| F|  |TAMS 0x000000070ce00000, 0x000000070ce00000| Untracked 
|  23|0x000000070d000000, 0x000000070d000000, 0x000000070d200000|  0%| F|  |TAMS 0x000000070d000000, 0x000000070d000000| Untracked 
|  24|0x000000070d200000, 0x000000070d200000, 0x000000070d400000|  0%| F|  |TAMS 0x000000070d200000, 0x000000070d200000| Untracked 
|  25|0x000000070d400000, 0x000000070d400000, 0x000000070d600000|  0%| F|  |TAMS 0x000000070d400000, 0x000000070d400000| Untracked 
|  26|0x000000070d600000, 0x000000070d600000, 0x000000070d800000|  0%| F|  |TAMS 0x000000070d600000, 0x000000070d600000| Untracked 
|  27|0x000000070d800000, 0x000000070d800000, 0x000000070da00000|  0%| F|  |TAMS 0x000000070d800000, 0x000000070d800000| Untracked 
|  28|0x000000070da00000, 0x000000070da00000, 0x000000070dc00000|  0%| F|  |TAMS 0x000000070da00000, 0x000000070da00000| Untracked 
|  29|0x000000070dc00000, 0x000000070dc00000, 0x000000070de00000|  0%| F|  |TAMS 0x000000070dc00000, 0x000000070dc00000| Untracked 
|  30|0x000000070de00000, 0x000000070de00000, 0x000000070e000000|  0%| F|  |TAMS 0x000000070de00000, 0x000000070de00000| Untracked 
|  31|0x000000070e000000, 0x000000070e000000, 0x000000070e200000|  0%| F|  |TAMS 0x000000070e000000, 0x000000070e000000| Untracked 
|  32|0x000000070e200000, 0x000000070e200000, 0x000000070e400000|  0%| F|  |TAMS 0x000000070e200000, 0x000000070e200000| Untracked 
|  33|0x000000070e400000, 0x000000070e400000, 0x000000070e600000|  0%| F|  |TAMS 0x000000070e400000, 0x000000070e400000| Untracked 
|  34|0x000000070e600000, 0x000000070e600000, 0x000000070e800000|  0%| F|  |TAMS 0x000000070e600000, 0x000000070e600000| Untracked 
|  35|0x000000070e800000, 0x000000070e800000, 0x000000070ea00000|  0%| F|  |TAMS 0x000000070e800000, 0x000000070e800000| Untracked 
|  36|0x000000070ea00000, 0x000000070ea00000, 0x000000070ec00000|  0%| F|  |TAMS 0x000000070ea00000, 0x000000070ea00000| Untracked 
|  37|0x000000070ec00000, 0x000000070ec00000, 0x000000070ee00000|  0%| F|  |TAMS 0x000000070ec00000, 0x000000070ec00000| Untracked 
|  38|0x000000070ee00000, 0x000000070ee00000, 0x000000070f000000|  0%| F|  |TAMS 0x000000070ee00000, 0x000000070ee00000| Untracked 
|  39|0x000000070f000000, 0x000000070f000000, 0x000000070f200000|  0%| F|  |TAMS 0x000000070f000000, 0x000000070f000000| Untracked 
|  40|0x000000070f200000, 0x000000070f200000, 0x000000070f400000|  0%| F|  |TAMS 0x000000070f200000, 0x000000070f200000| Untracked 
|  41|0x000000070f400000, 0x000000070f400000, 0x000000070f600000|  0%| F|  |TAMS 0x000000070f400000, 0x000000070f400000| Untracked 
|  42|0x000000070f600000, 0x000000070f600000, 0x000000070f800000|  0%| F|  |TAMS 0x000000070f600000, 0x000000070f600000| Untracked 
|  43|0x000000070f800000, 0x000000070f800000, 0x000000070fa00000|  0%| F|  |TAMS 0x000000070f800000, 0x000000070f800000| Untracked 
|  44|0x000000070fa00000, 0x000000070fa00000, 0x000000070fc00000|  0%| F|  |TAMS 0x000000070fa00000, 0x000000070fa00000| Untracked 
|  45|0x000000070fc00000, 0x000000070fc00000, 0x000000070fe00000|  0%| F|  |TAMS 0x000000070fc00000, 0x000000070fc00000| Untracked 
|  46|0x000000070fe00000, 0x000000070fe00000, 0x0000000710000000|  0%| F|  |TAMS 0x000000070fe00000, 0x000000070fe00000| Untracked 
|  47|0x0000000710000000, 0x0000000710000000, 0x0000000710200000|  0%| F|  |TAMS 0x0000000710000000, 0x0000000710000000| Untracked 
|  48|0x0000000710200000, 0x0000000710200000, 0x0000000710400000|  0%| F|  |TAMS 0x0000000710200000, 0x0000000710200000| Untracked 
|  49|0x0000000710400000, 0x0000000710400000, 0x0000000710600000|  0%| F|  |TAMS 0x0000000710400000, 0x0000000710400000| Untracked 
|  50|0x0000000710600000, 0x0000000710600000, 0x0000000710800000|  0%| F|  |TAMS 0x0000000710600000, 0x0000000710600000| Untracked 
|  51|0x0000000710800000, 0x0000000710800000, 0x0000000710a00000|  0%| F|  |TAMS 0x0000000710800000, 0x0000000710800000| Untracked 
|  52|0x0000000710a00000, 0x0000000710a00000, 0x0000000710c00000|  0%| F|  |TAMS 0x0000000710a00000, 0x0000000710a00000| Untracked 
|  53|0x0000000710c00000, 0x0000000710c00000, 0x0000000710e00000|  0%| F|  |TAMS 0x0000000710c00000, 0x0000000710c00000| Untracked 
|  54|0x0000000710e00000, 0x0000000710e00000, 0x0000000711000000|  0%| F|  |TAMS 0x0000000710e00000, 0x0000000710e00000| Untracked 
|  55|0x0000000711000000, 0x0000000711000000, 0x0000000711200000|  0%| F|  |TAMS 0x0000000711000000, 0x0000000711000000| Untracked 
|  56|0x0000000711200000, 0x0000000711200000, 0x0000000711400000|  0%| F|  |TAMS 0x0000000711200000, 0x0000000711200000| Untracked 
|  57|0x0000000711400000, 0x0000000711400000, 0x0000000711600000|  0%| F|  |TAMS 0x0000000711400000, 0x0000000711400000| Untracked 
|  58|0x0000000711600000, 0x0000000711600000, 0x0000000711800000|  0%| F|  |TAMS 0x0000000711600000, 0x0000000711600000| Untracked 
|  59|0x0000000711800000, 0x0000000711800000, 0x0000000711a00000|  0%| F|  |TAMS 0x0000000711800000, 0x0000000711800000| Untracked 
|  60|0x0000000711a00000, 0x0000000711a00000, 0x0000000711c00000|  0%| F|  |TAMS 0x0000000711a00000, 0x0000000711a00000| Untracked 
|  61|0x0000000711c00000, 0x0000000711c00000, 0x0000000711e00000|  0%| F|  |TAMS 0x0000000711c00000, 0x0000000711c00000| Untracked 
|  62|0x0000000711e00000, 0x0000000711e00000, 0x0000000712000000|  0%| F|  |TAMS 0x0000000711e00000, 0x0000000711e00000| Untracked 
|  63|0x0000000712000000, 0x0000000712000000, 0x0000000712200000|  0%| F|  |TAMS 0x0000000712000000, 0x0000000712000000| Untracked 
|  64|0x0000000712200000, 0x0000000712200000, 0x0000000712400000|  0%| F|  |TAMS 0x0000000712200000, 0x0000000712200000| Untracked 
|  65|0x0000000712400000, 0x0000000712400000, 0x0000000712600000|  0%| F|  |TAMS 0x0000000712400000, 0x0000000712400000| Untracked 
|  66|0x0000000712600000, 0x0000000712600000, 0x0000000712800000|  0%| F|  |TAMS 0x0000000712600000, 0x0000000712600000| Untracked 
|  67|0x0000000712800000, 0x0000000712800000, 0x0000000712a00000|  0%| F|  |TAMS 0x0000000712800000, 0x0000000712800000| Untracked 
|  68|0x0000000712a00000, 0x0000000712a00000, 0x0000000712c00000|  0%| F|  |TAMS 0x0000000712a00000, 0x0000000712a00000| Untracked 
|  69|0x0000000712c00000, 0x0000000712c00000, 0x0000000712e00000|  0%| F|  |TAMS 0x0000000712c00000, 0x0000000712c00000| Untracked 
|  70|0x0000000712e00000, 0x0000000712e00000, 0x0000000713000000|  0%| F|  |TAMS 0x0000000712e00000, 0x0000000712e00000| Untracked 
|  71|0x0000000713000000, 0x0000000713000000, 0x0000000713200000|  0%| F|  |TAMS 0x0000000713000000, 0x0000000713000000| Untracked 
|  72|0x0000000713200000, 0x0000000713200000, 0x0000000713400000|  0%| F|  |TAMS 0x0000000713200000, 0x0000000713200000| Untracked 
|  73|0x0000000713400000, 0x0000000713400000, 0x0000000713600000|  0%| F|  |TAMS 0x0000000713400000, 0x0000000713400000| Untracked 
|  74|0x0000000713600000, 0x0000000713600000, 0x0000000713800000|  0%| F|  |TAMS 0x0000000713600000, 0x0000000713600000| Untracked 
|  75|0x0000000713800000, 0x0000000713800000, 0x0000000713a00000|  0%| F|  |TAMS 0x0000000713800000, 0x0000000713800000| Untracked 
|  76|0x0000000713a00000, 0x0000000713a00000, 0x0000000713c00000|  0%| F|  |TAMS 0x0000000713a00000, 0x0000000713a00000| Untracked 
|  77|0x0000000713c00000, 0x0000000713c00000, 0x0000000713e00000|  0%| F|  |TAMS 0x0000000713c00000, 0x0000000713c00000| Untracked 
|  78|0x0000000713e00000, 0x0000000713e00000, 0x0000000714000000|  0%| F|  |TAMS 0x0000000713e00000, 0x0000000713e00000| Untracked 
|  79|0x0000000714000000, 0x0000000714000000, 0x0000000714200000|  0%| F|  |TAMS 0x0000000714000000, 0x0000000714000000| Untracked 
|  80|0x0000000714200000, 0x0000000714200000, 0x0000000714400000|  0%| F|  |TAMS 0x0000000714200000, 0x0000000714200000| Untracked 
|  81|0x0000000714400000, 0x0000000714400000, 0x0000000714600000|  0%| F|  |TAMS 0x0000000714400000, 0x0000000714400000| Untracked 
|  82|0x0000000714600000, 0x0000000714600000, 0x0000000714800000|  0%| F|  |TAMS 0x0000000714600000, 0x0000000714600000| Untracked 
|  83|0x0000000714800000, 0x0000000714800000, 0x0000000714a00000|  0%| F|  |TAMS 0x0000000714800000, 0x0000000714800000| Untracked 
|  84|0x0000000714a00000, 0x0000000714a00000, 0x0000000714c00000|  0%| F|  |TAMS 0x0000000714a00000, 0x0000000714a00000| Untracked 
|  85|0x0000000714c00000, 0x0000000714c00000, 0x0000000714e00000|  0%| F|  |TAMS 0x0000000714c00000, 0x0000000714c00000| Untracked 
|  86|0x0000000714e00000, 0x0000000714e00000, 0x0000000715000000|  0%| F|  |TAMS 0x0000000714e00000, 0x0000000714e00000| Untracked 
|  87|0x0000000715000000, 0x0000000715000000, 0x0000000715200000|  0%| F|  |TAMS 0x0000000715000000, 0x0000000715000000| Untracked 
|  88|0x0000000715200000, 0x0000000715200000, 0x0000000715400000|  0%| F|  |TAMS 0x0000000715200000, 0x0000000715200000| Untracked 
|  89|0x0000000715400000, 0x0000000715400000, 0x0000000715600000|  0%| F|  |TAMS 0x0000000715400000, 0x0000000715400000| Untracked 
|  90|0x0000000715600000, 0x0000000715600000, 0x0000000715800000|  0%| F|  |TAMS 0x0000000715600000, 0x0000000715600000| Untracked 
|  91|0x0000000715800000, 0x0000000715800000, 0x0000000715a00000|  0%| F|  |TAMS 0x0000000715800000, 0x0000000715800000| Untracked 
|  92|0x0000000715a00000, 0x0000000715a00000, 0x0000000715c00000|  0%| F|  |TAMS 0x0000000715a00000, 0x0000000715a00000| Untracked 
|  93|0x0000000715c00000, 0x0000000715c00000, 0x0000000715e00000|  0%| F|  |TAMS 0x0000000715c00000, 0x0000000715c00000| Untracked 
|  94|0x0000000715e00000, 0x0000000715e00000, 0x0000000716000000|  0%| F|  |TAMS 0x0000000715e00000, 0x0000000715e00000| Untracked 
|  95|0x0000000716000000, 0x0000000716000000, 0x0000000716200000|  0%| F|  |TAMS 0x0000000716000000, 0x0000000716000000| Untracked 
|  96|0x0000000716200000, 0x0000000716200000, 0x0000000716400000|  0%| F|  |TAMS 0x0000000716200000, 0x0000000716200000| Untracked 
|  97|0x0000000716400000, 0x0000000716400000, 0x0000000716600000|  0%| F|  |TAMS 0x0000000716400000, 0x0000000716400000| Untracked 
|  98|0x0000000716600000, 0x0000000716600000, 0x0000000716800000|  0%| F|  |TAMS 0x0000000716600000, 0x0000000716600000| Untracked 
|  99|0x0000000716800000, 0x0000000716800000, 0x0000000716a00000|  0%| F|  |TAMS 0x0000000716800000, 0x0000000716800000| Untracked 
| 100|0x0000000716a00000, 0x0000000716a00000, 0x0000000716c00000|  0%| F|  |TAMS 0x0000000716a00000, 0x0000000716a00000| Untracked 
| 101|0x0000000716c00000, 0x0000000716c00000, 0x0000000716e00000|  0%| F|  |TAMS 0x0000000716c00000, 0x0000000716c00000| Untracked 
| 102|0x0000000716e00000, 0x0000000716e00000, 0x0000000717000000|  0%| F|  |TAMS 0x0000000716e00000, 0x0000000716e00000| Untracked 
| 103|0x0000000717000000, 0x0000000717000000, 0x0000000717200000|  0%| F|  |TAMS 0x0000000717000000, 0x0000000717000000| Untracked 
| 104|0x0000000717200000, 0x0000000717200000, 0x0000000717400000|  0%| F|  |TAMS 0x0000000717200000, 0x0000000717200000| Untracked 
| 105|0x0000000717400000, 0x0000000717400000, 0x0000000717600000|  0%| F|  |TAMS 0x0000000717400000, 0x0000000717400000| Untracked 
| 106|0x0000000717600000, 0x00000007177a18f0, 0x0000000717800000| 81%| E|  |TAMS 0x0000000717600000, 0x0000000717600000| Complete 
| 107|0x0000000717800000, 0x0000000717a00000, 0x0000000717a00000|100%| E|CS|TAMS 0x0000000717800000, 0x0000000717800000| Complete 
| 108|0x0000000717a00000, 0x0000000717c00000, 0x0000000717c00000|100%| E|CS|TAMS 0x0000000717a00000, 0x0000000717a00000| Complete 
| 109|0x0000000717c00000, 0x0000000717d572a0, 0x0000000717e00000| 67%| S|CS|TAMS 0x0000000717c00000, 0x0000000717c00000| Complete 
| 110|0x0000000717e00000, 0x0000000718000000, 0x0000000718000000|100%| E|CS|TAMS 0x0000000717e00000, 0x0000000717e00000| Complete 
| 111|0x0000000718000000, 0x0000000718200000, 0x0000000718200000|100%| E|CS|TAMS 0x0000000718000000, 0x0000000718000000| Complete 
| 112|0x0000000718200000, 0x0000000718400000, 0x0000000718400000|100%| E|CS|TAMS 0x0000000718200000, 0x0000000718200000| Complete 
| 113|0x0000000718400000, 0x0000000718600000, 0x0000000718600000|100%| E|CS|TAMS 0x0000000718400000, 0x0000000718400000| Complete 
| 114|0x0000000718600000, 0x0000000718800000, 0x0000000718800000|100%| E|CS|TAMS 0x0000000718600000, 0x0000000718600000| Complete 
| 115|0x0000000718800000, 0x0000000718a00000, 0x0000000718a00000|100%| E|CS|TAMS 0x0000000718800000, 0x0000000718800000| Complete 
| 116|0x0000000718a00000, 0x0000000718c00000, 0x0000000718c00000|100%| E|CS|TAMS 0x0000000718a00000, 0x0000000718a00000| Complete 
| 117|0x0000000718c00000, 0x0000000718e00000, 0x0000000718e00000|100%| E|CS|TAMS 0x0000000718c00000, 0x0000000718c00000| Complete 
| 118|0x0000000718e00000, 0x0000000719000000, 0x0000000719000000|100%| E|CS|TAMS 0x0000000718e00000, 0x0000000718e00000| Complete 
| 119|0x0000000719000000, 0x0000000719200000, 0x0000000719200000|100%| E|CS|TAMS 0x0000000719000000, 0x0000000719000000| Complete 
| 120|0x0000000719200000, 0x0000000719400000, 0x0000000719400000|100%| E|  |TAMS 0x0000000719200000, 0x0000000719200000| Complete 
| 121|0x0000000719400000, 0x0000000719600000, 0x0000000719600000|100%| E|CS|TAMS 0x0000000719400000, 0x0000000719400000| Complete 
| 122|0x0000000719600000, 0x0000000719800000, 0x0000000719800000|100%| E|CS|TAMS 0x0000000719600000, 0x0000000719600000| Complete 

Card table byte_map: [0x00000266e5e80000,0x00000266e6630000] _byte_map_base: 0x00000266e262f000

Marking Bits (Prev, Next): (CMBitMap*) 0x00000266cdf65a20, (CMBitMap*) 0x00000266cdf65a60
 Prev Bits: [0x00000266e6de0000, 0x00000266eab58000)
 Next Bits: [0x00000266eab60000, 0x00000266ee8d8000)

Polling page: 0x00000266cbea0000

Metaspace:

Usage:
  Non-class:     13.85 MB used.
      Class:      1.85 MB used.
       Both:     15.70 MB used.

Virtual space:
  Non-class space:       64.00 MB reserved,      13.94 MB ( 22%) committed,  1 nodes.
      Class space:        1.00 GB reserved,       2.00 MB ( <1%) committed,  1 nodes.
             Both:        1.06 GB reserved,      15.94 MB (  1%) committed. 

Chunk freelists:
   Non-Class:  1.25 MB
       Class:  1.95 MB
        Both:  3.20 MB

MaxMetaspaceSize: unlimited
CompressedClassSpaceSize: 1.00 GB
Initial GC threshold: 21.00 MB
Current GC threshold: 21.00 MB
CDS: on
MetaspaceReclaimPolicy: balanced
 - commit_granule_bytes: 65536.
 - commit_granule_words: 8192.
 - virtual_space_node_default_size: 8388608.
 - enlarge_chunks_in_place: 1.
 - new_chunks_are_fully_committed: 0.
 - uncommit_free_chunks: 1.
 - use_allocation_guard: 0.


Internal statistics:

num_allocs_failed_limit: 0.
num_arena_births: 242.
num_arena_deaths: 0.
num_vsnodes_births: 2.
num_vsnodes_deaths: 0.
num_space_committed: 255.
num_space_uncommitted: 0.
num_chunks_returned_to_freelist: 0.
num_chunks_taken_from_freelist: 753.
num_chunk_merges: 0.
num_chunk_splits: 518.
num_chunks_enlarged: 406.
num_inconsistent_stats: 0.

CodeHeap 'non-profiled nmethods': size=119168Kb used=956Kb max_used=956Kb free=118211Kb
 bounds [0x00000266dd9f0000, 0x00000266ddc60000, 0x00000266e4e50000]
CodeHeap 'profiled nmethods': size=119104Kb used=5003Kb max_used=5003Kb free=114100Kb
 bounds [0x00000266d5e50000, 0x00000266d6340000, 0x00000266dd2a0000]
CodeHeap 'non-nmethods': size=7488Kb used=2966Kb max_used=2998Kb free=4521Kb
 bounds [0x00000266dd2a0000, 0x00000266dd5a0000, 0x00000266dd9f0000]
 total_blobs=2991 nmethods=2503 adapters=395
 compilation: enabled
              stopped_count=0, restarted_count=0
 full_count=0

Compilation events (20 events):
Event: 2.059 Thread 0x00000266f5c13ba0 2441       3       org.springframework.core.annotation.AnnotationTypeMapping$MirrorSets::size (6 bytes)
Event: 2.059 Thread 0x00000266f5c13ba0 nmethod 2441 0x00000266d6312b90 code [0x00000266d6312d20, 0x00000266d6312e38]
Event: 2.060 Thread 0x00000266f5c13ba0 2442       3       java.util.ArrayDeque::<init> (14 bytes)
Event: 2.060 Thread 0x00000266f5c13ba0 nmethod 2442 0x00000266d6312f10 code [0x00000266d63130c0, 0x00000266d6313398]
Event: 2.061 Thread 0x00000266f5c13ba0 2443       1       org.springframework.core.annotation.AnnotationTypeMapping::getRoot (5 bytes)
Event: 2.061 Thread 0x00000266f6ead6c0 2444       3       java.lang.reflect.Executable::equalParamTypes (36 bytes)
Event: 2.061 Thread 0x00000266f5c13ba0 nmethod 2443 0x00000266ddad8f10 code [0x00000266ddad90a0, 0x00000266ddad9178]
Event: 2.061 Thread 0x00000266f6ead6c0 nmethod 2444 0x00000266d6313490 code [0x00000266d6313640, 0x00000266d6313918]
Event: 2.062 Thread 0x00000266f5ca2b50 2445       3       org.springframework.core.annotation.MergedAnnotations$Search$$Lambda$23/0x000000080102e660::test (8 bytes)
Event: 2.062 Thread 0x00000266f5ca2b50 nmethod 2445 0x00000266d6313a10 code [0x00000266d6313bc0, 0x00000266d6313e18]
Event: 2.062 Thread 0x00000266f6ead6c0 2446       3       java.lang.System$2::getConstantPool (5 bytes)
Event: 2.062 Thread 0x00000266f5c13ba0 2447       3       java.util.LinkedHashMap::keysToArray (38 bytes)
Event: 2.063 Thread 0x00000266f6ead6c0 nmethod 2446 0x00000266d6313f10 code [0x00000266d63140c0, 0x00000266d6314208]
Event: 2.063 Thread 0x00000266f6ead6c0 2448       3       java.util.Arrays::equals (57 bytes)
Event: 2.063 Thread 0x00000266f5ca2b50 2449       1       org.springframework.core.annotation.AnnotationTypeMapping::getMirrorSets (5 bytes)
Event: 2.063 Thread 0x00000266f5ca2b50 nmethod 2449 0x00000266ddad9210 code [0x00000266ddad93a0, 0x00000266ddad9478]
Event: 2.063 Thread 0x00000266f5c13ba0 nmethod 2447 0x00000266d6314310 code [0x00000266d63144c0, 0x00000266d6314858]
Event: 2.063 Thread 0x00000266f5ca2b50 2450       3       org.springframework.core.annotation.MergedAnnotationsCollection::isMappingForType (33 bytes)
Event: 2.063 Thread 0x00000266f6ead6c0 nmethod 2448 0x00000266d6314990 code [0x00000266d6314b80, 0x00000266d6315148]
Event: 2.063 Thread 0x00000266f5ca2b50 nmethod 2450 0x00000266d6315310 code [0x00000266d63154e0, 0x00000266d6315818]

GC Heap History (4 events):
Event: 0.895 GC heap before
{Heap before GC invocations=0 (full 0):
 garbage-first heap   total 251904K, used 20480K [0x000000070a200000, 0x0000000800000000)
  region size 2048K, 11 young (22528K), 0 survivors (0K)
 Metaspace       used 4548K, committed 4736K, reserved 1114112K
  class space    used 489K, committed 576K, reserved 1048576K
}
Event: 0.899 GC heap after
{Heap after GC invocations=1 (full 0):
 garbage-first heap   total 251904K, used 7822K [0x000000070a200000, 0x0000000800000000)
  region size 2048K, 2 young (4096K), 2 survivors (4096K)
 Metaspace       used 4548K, committed 4736K, reserved 1114112K
  class space    used 489K, committed 576K, reserved 1048576K
}
Event: 1.590 GC heap before
{Heap before GC invocations=1 (full 0):
 garbage-first heap   total 251904K, used 28302K [0x000000070a200000, 0x0000000800000000)
  region size 2048K, 13 young (26624K), 2 survivors (4096K)
 Metaspace       used 8173K, committed 8448K, reserved 1114112K
  class space    used 940K, committed 1088K, reserved 1048576K
}
Event: 1.594 GC heap after
{Heap after GC invocations=2 (full 0):
 garbage-first heap   total 251904K, used 8957K [0x000000070a200000, 0x0000000800000000)
  region size 2048K, 1 young (2048K), 1 survivors (2048K)
 Metaspace       used 8173K, committed 8448K, reserved 1114112K
  class space    used 940K, committed 1088K, reserved 1048576K
}

Dll operation events (8 events):
Event: 0.113 Loaded shared library C:\Program Files\Java\jdk-19\bin\java.dll
Event: 0.135 Loaded shared library C:\Program Files\Java\jdk-19\bin\jsvml.dll
Event: 0.384 Loaded shared library C:\Program Files\Java\jdk-19\bin\net.dll
Event: 0.417 Loaded shared library C:\Program Files\Java\jdk-19\bin\nio.dll
Event: 0.433 Loaded shared library C:\Program Files\Java\jdk-19\bin\zip.dll
Event: 0.551 Loaded shared library C:\Program Files\Java\jdk-19\bin\jimage.dll
Event: 0.854 Loaded shared library C:\Program Files\Java\jdk-19\bin\management.dll
Event: 0.876 Loaded shared library C:\Program Files\Java\jdk-19\bin\management_ext.dll

Deoptimization events (20 events):
Event: 1.988 Thread 0x00000266f6516ca0 Uncommon trap: trap_request=0xffffff45 fr.pc=0x00000266dda2f878 relative=0x0000000000000758
Event: 1.988 Thread 0x00000266f6516ca0 Uncommon trap: reason=unstable_if action=reinterpret pc=0x00000266dda2f878 method=java.util.zip.ZipCoder.hash(Ljava/lang/String;)I @ 23 c2
Event: 1.988 Thread 0x00000266f6516ca0 DEOPT PACKING pc=0x00000266dda2f878 sp=0x000000fcadefda60
Event: 1.988 Thread 0x00000266f6516ca0 DEOPT UNPACKING pc=0x00000266dd306da3 sp=0x000000fcadefd918 mode 2
Event: 1.988 Thread 0x00000266f6516ca0 Uncommon trap: trap_request=0xffffff45 fr.pc=0x00000266dda2e2f8 relative=0x00000000000004f8
Event: 1.988 Thread 0x00000266f6516ca0 Uncommon trap: reason=unstable_if action=reinterpret pc=0x00000266dda2e2f8 method=java.util.zip.ZipCoder.hash(Ljava/lang/String;)I @ 23 c2
Event: 1.988 Thread 0x00000266f6516ca0 DEOPT PACKING pc=0x00000266dda2e2f8 sp=0x000000fcadefda00
Event: 1.988 Thread 0x00000266f6516ca0 DEOPT UNPACKING pc=0x00000266dd306da3 sp=0x000000fcadefd918 mode 2
Event: 1.988 Thread 0x00000266f6516ca0 Uncommon trap: trap_request=0xffffff45 fr.pc=0x00000266dda0c9f0 relative=0x0000000000000250
Event: 1.988 Thread 0x00000266f6516ca0 Uncommon trap: reason=unstable_if action=reinterpret pc=0x00000266dda0c9f0 method=java.util.zip.ZipCoder.hash(Ljava/lang/String;)I @ 23 c2
Event: 1.988 Thread 0x00000266f6516ca0 DEOPT PACKING pc=0x00000266dda0c9f0 sp=0x000000fcadefd980
Event: 1.988 Thread 0x00000266f6516ca0 DEOPT UNPACKING pc=0x00000266dd306da3 sp=0x000000fcadefd918 mode 2
Event: 2.035 Thread 0x00000266f6516ca0 Uncommon trap: trap_request=0xffffff45 fr.pc=0x00000266dda94eb4 relative=0x0000000000000114
Event: 2.035 Thread 0x00000266f6516ca0 Uncommon trap: reason=unstable_if action=reinterpret pc=0x00000266dda94eb4 method=java.util.Arrays.equals([Ljava/lang/Object;[Ljava/lang/Object;)Z @ 44 c2
Event: 2.035 Thread 0x00000266f6516ca0 DEOPT PACKING pc=0x00000266dda94eb4 sp=0x000000fcadefd2d0
Event: 2.035 Thread 0x00000266f6516ca0 DEOPT UNPACKING pc=0x00000266dd306da3 sp=0x000000fcadefd270 mode 2
Event: 2.064 Thread 0x00000266f6516ca0 Uncommon trap: trap_request=0xffffff45 fr.pc=0x00000266ddaccdbc relative=0x000000000000009c
Event: 2.064 Thread 0x00000266f6516ca0 Uncommon trap: reason=unstable_if action=reinterpret pc=0x00000266ddaccdbc method=java.lang.ref.ReferenceQueue.poll()Ljava/lang/ref/Reference; @ 4 c2
Event: 2.064 Thread 0x00000266f6516ca0 DEOPT PACKING pc=0x00000266ddaccdbc sp=0x000000fcadefdff0
Event: 2.064 Thread 0x00000266f6516ca0 DEOPT UNPACKING pc=0x00000266dd306da3 sp=0x000000fcadefded8 mode 2

Classes loaded (20 events):
Event: 1.992 Loading class java/util/Comparators$NaturalOrderComparator
Event: 1.992 Loading class java/util/Comparators$NaturalOrderComparator done
Event: 1.992 Loading class java/util/stream/SortedOps$RefSortingSink
Event: 1.992 Loading class java/util/stream/SortedOps$AbstractRefSortingSink
Event: 1.992 Loading class java/util/stream/SortedOps$AbstractRefSortingSink done
Event: 1.992 Loading class java/util/stream/SortedOps$RefSortingSink done
Event: 1.993 Loading class sun/nio/fs/WindowsPath$WindowsPathWithAttributes
Event: 1.993 Loading class sun/nio/fs/BasicFileAttributesHolder
Event: 1.993 Loading class sun/nio/fs/BasicFileAttributesHolder done
Event: 1.993 Loading class sun/nio/fs/WindowsPath$WindowsPathWithAttributes done
Event: 1.993 Loading class java/util/StringTokenizer
Event: 1.993 Loading class java/util/StringTokenizer done
Event: 1.994 Loading class java/util/regex/Pattern$LazyLoop
Event: 1.994 Loading class java/util/regex/Pattern$Loop
Event: 1.994 Loading class java/util/regex/Pattern$Loop done
Event: 1.994 Loading class java/util/regex/Pattern$LazyLoop done
Event: 1.994 Loading class java/util/regex/Pattern$Prolog
Event: 1.994 Loading class java/util/regex/Pattern$Prolog done
Event: 2.003 Loading class java/lang/AssertionError
Event: 2.003 Loading class java/lang/AssertionError done

Classes unloaded (0 events):
No events

Classes redefined (0 events):
No events

Internal exceptions (20 events):
Event: 1.548 Thread 0x00000266f6516ca0 Exception <a 'java/lang/NoSuchMethodError'{0x00000007182ec4e0}: 'int java.lang.invoke.DirectMethodHandle$Holder.invokeSpecialIFC(java.lang.Object, java.lang.Object, java.lang.Object, java.lang.Object)'> (0x00000007182ec4e0) 
thrown [s\open\src\hotspot\share\interpreter\linkResolver.cpp, line 774]
Event: 1.576 Thread 0x00000266f6516ca0 Exception <a 'java/lang/NoSuchMethodError'{0x00000007183afeb0}: 'void java.lang.invoke.DirectMethodHandle$Holder.invokeInterface(java.lang.Object, java.lang.Object, java.lang.Object)'> (0x00000007183afeb0) 
thrown [s\open\src\hotspot\share\interpreter\linkResolver.cpp, line 774]
Event: 1.617 Thread 0x00000266f6516ca0 Exception <a 'java/lang/NoSuchMethodError'{0x0000000719782e10}: 'void java.lang.invoke.DirectMethodHandle$Holder.invokeStaticInit(java.lang.Object, java.lang.Object)'> (0x0000000719782e10) 
thrown [s\open\src\hotspot\share\interpreter\linkResolver.cpp, line 774]
Event: 1.620 Thread 0x00000266f6516ca0 Exception <a 'java/lang/NoSuchMethodError'{0x000000071978f628}: 'void java.lang.invoke.DirectMethodHandle$Holder.invokeStaticInit(java.lang.Object, java.lang.Object, java.lang.Object)'> (0x000000071978f628) 
thrown [s\open\src\hotspot\share\interpreter\linkResolver.cpp, line 774]
Event: 1.623 Thread 0x00000266f6516ca0 Exception <a 'java/lang/NoSuchMethodError'{0x00000007197a0600}: 'java.lang.Object java.lang.invoke.DirectMethodHandle$Holder.invokeStatic(java.lang.Object, long, java.lang.Object)'> (0x00000007197a0600) 
thrown [s\open\src\hotspot\share\interpreter\linkResolver.cpp, line 774]
Event: 1.623 Thread 0x00000266f6516ca0 Exception <a 'java/lang/NoSuchMethodError'{0x00000007197a4150}: 'java.lang.Object java.lang.invoke.DirectMethodHandle$Holder.invokeStaticInit(java.lang.Object, long, java.lang.Object)'> (0x00000007197a4150) 
thrown [s\open\src\hotspot\share\interpreter\linkResolver.cpp, line 774]
Event: 1.624 Thread 0x00000266f6516ca0 Exception <a 'java/lang/NoSuchMethodError'{0x00000007197a9e68}: 'java.lang.Object java.lang.invoke.DirectMethodHandle$Holder.newInvokeSpecial(java.lang.Object, long)'> (0x00000007197a9e68) 
thrown [s\open\src\hotspot\share\interpreter\linkResolver.cpp, line 774]
Event: 1.636 Thread 0x00000266f6516ca0 Exception <a 'java/lang/NoSuchMethodError'{0x00000007197e7208}: 'void java.lang.invoke.DirectMethodHandle$Holder.invokeVirtual(java.lang.Object, java.lang.Object, java.lang.Object, java.lang.Object)'> (0x00000007197e7208) 
thrown [s\open\src\hotspot\share\interpreter\linkResolver.cpp, line 774]
Event: 1.675 Thread 0x00000266f6516ca0 Exception <a 'java/lang/NoSuchMethodError'{0x0000000719510bd8}: 'void java.lang.invoke.DirectMethodHandle$Holder.invokeSpecial(java.lang.Object, java.lang.Object, java.lang.Object, java.lang.Object, java.lang.Object)'> (0x0000000719510bd8) 
thrown [s\open\src\hotspot\share\interpreter\linkResolver.cpp, line 774]
Event: 1.681 Thread 0x00000266f6ddd370 Exception <a 'java/lang/NoClassDefFoundError'{0x0000000719551d38}: jakarta/validation/Validation> (0x0000000719551d38) 
thrown [s\open\src\hotspot\share\classfile\systemDictionary.cpp, line 244]
Event: 1.682 Thread 0x00000266f6516ca0 Exception <a 'java/lang/IncompatibleClassChangeError'{0x000000071953a9e8}: Found class java.lang.Object, but interface was expected> (0x000000071953a9e8) 
thrown [s\open\src\hotspot\share\interpreter\linkResolver.cpp, line 841]
Event: 1.819 Thread 0x00000266f6516ca0 Exception <a 'java/lang/NoSuchMethodError'{0x0000000718922f58}: 'int java.lang.invoke.Invokers$Holder.invokeExact_MT(java.lang.Object, java.lang.Object)'> (0x0000000718922f58) 
thrown [s\open\src\hotspot\share\interpreter\linkResolver.cpp, line 774]
Event: 1.968 Thread 0x00000266f6ddd370 Exception <a 'java/lang/NoSuchMethodError'{0x0000000717acdbf0}: 'long java.lang.invoke.DirectMethodHandle$Holder.invokeSpecial(java.lang.Object, java.lang.Object)'> (0x0000000717acdbf0) 
thrown [s\open\src\hotspot\share\interpreter\linkResolver.cpp, line 774]
Event: 1.969 Thread 0x00000266f6ddd370 Exception <a 'java/lang/NoSuchMethodError'{0x0000000717ad8fc8}: 'long java.lang.invoke.DirectMethodHandle$Holder.invokeStatic(java.lang.Object, java.lang.Object)'> (0x0000000717ad8fc8) 
thrown [s\open\src\hotspot\share\interpreter\linkResolver.cpp, line 774]
Event: 1.969 Thread 0x00000266f6ddd370 Exception <a 'java/lang/NoSuchMethodError'{0x0000000717adc5d0}: 'long java.lang.invoke.DirectMethodHandle$Holder.invokeStaticInit(java.lang.Object, java.lang.Object)'> (0x0000000717adc5d0) 
thrown [s\open\src\hotspot\share\interpreter\linkResolver.cpp, line 774]
Event: 1.972 Thread 0x00000266f6ddd370 Exception <a 'java/lang/NoSuchMethodError'{0x0000000717aea5e0}: 'long java.lang.invoke.DirectMethodHandle$Holder.invokeInterface(java.lang.Object, java.lang.Object)'> (0x0000000717aea5e0) 
thrown [s\open\src\hotspot\share\interpreter\linkResolver.cpp, line 774]
Event: 1.972 Thread 0x00000266f6ddd370 Exception <a 'java/lang/IncompatibleClassChangeError'{0x0000000717aedb78}: Found class java.lang.Object, but interface was expected> (0x0000000717aedb78) 
thrown [s\open\src\hotspot\share\interpreter\linkResolver.cpp, line 841]
Event: 1.981 Thread 0x00000266f6ddd370 Exception <a 'java/lang/NoSuchMethodError'{0x0000000717bc0eb8}: 'java.lang.Object java.lang.invoke.DirectMethodHandle$Holder.invokeVirtual(java.lang.Object, java.lang.Object, java.lang.Object, java.lang.Object)'> (0x0000000717bc0eb8) 
thrown [s\open\src\hotspot\share\interpreter\linkResolver.cpp, line 774]
Event: 1.990 Thread 0x00000266f6516ca0 Exception <a 'java/lang/NoSuchMethodError'{0x0000000717bfef88}: 'int java.lang.invoke.DirectMethodHandle$Holder.invokeSpecial(java.lang.Object, java.lang.Object, java.lang.Object, java.lang.Object, java.lang.Object)'> (0x0000000717bfef88) 
thrown [s\open\src\hotspot\share\interpreter\linkResolver.cpp, line 774]
Event: 1.991 Thread 0x00000266f6516ca0 Exception <a 'java/lang/NoSuchMethodError'{0x0000000717808530}: 'void java.lang.invoke.DirectMethodHandle$Holder.invokeVirtual(java.lang.Object, java.lang.Object)'> (0x0000000717808530) 
thrown [s\open\src\hotspot\share\interpreter\linkResolver.cpp, line 774]

VM Operations (20 events):
Event: 1.590 Executing VM operation: G1CollectForAllocation
Event: 1.594 Executing VM operation: G1CollectForAllocation done
Event: 1.665 Executing VM operation: HandshakeAllThreads
Event: 1.665 Executing VM operation: HandshakeAllThreads done
Event: 1.671 Executing VM operation: HandshakeAllThreads
Event: 1.671 Executing VM operation: HandshakeAllThreads done
Event: 1.672 Executing VM operation: HandshakeAllThreads
Event: 1.672 Executing VM operation: HandshakeAllThreads done
Event: 1.803 Executing VM operation: HandshakeAllThreads
Event: 1.803 Executing VM operation: HandshakeAllThreads done
Event: 1.926 Executing VM operation: HandshakeAllThreads
Event: 1.926 Executing VM operation: HandshakeAllThreads done
Event: 1.961 Executing VM operation: HandshakeAllThreads
Event: 1.961 Executing VM operation: HandshakeAllThreads done
Event: 1.975 Executing VM operation: HandshakeAllThreads
Event: 1.975 Executing VM operation: HandshakeAllThreads done
Event: 1.986 Executing VM operation: ICBufferFull
Event: 1.986 Executing VM operation: ICBufferFull done
Event: 1.993 Executing VM operation: HandshakeAllThreads
Event: 1.993 Executing VM operation: HandshakeAllThreads done

Events (20 events):
Event: 0.238 Thread 0x00000266f5c1cca0 Thread added: 0x00000266f5c1cca0
Event: 0.243 Thread 0x00000266f5ca2b50 Thread added: 0x00000266f5ca2b50
Event: 0.333 Thread 0x00000266f5d7c4f0 Thread added: 0x00000266f5d7c4f0
Event: 0.335 Thread 0x00000266f5d89910 Thread added: 0x00000266f5d89910
Event: 0.448 Thread 0x00000266f5e5d8a0 Thread added: 0x00000266f5e5d8a0
Event: 0.589 Thread 0x00000266f658b330 Thread added: 0x00000266f658b330
Event: 0.624 Thread 0x00000266f6581d10 Thread added: 0x00000266f6581d10
Event: 0.890 Thread 0x00000266f6581d10 Thread exited: 0x00000266f6581d10
Event: 0.920 Thread 0x00000266f657df90 Thread added: 0x00000266f657df90
Event: 0.934 Thread 0x00000266f67a2030 Thread added: 0x00000266f67a2030
Event: 0.955 Thread 0x00000266f6baadd0 Thread added: 0x00000266f6baadd0
Event: 0.959 Thread 0x00000266f6516ca0 Thread added: 0x00000266f6516ca0
Event: 1.335 Thread 0x00000266f6a8c780 Thread added: 0x00000266f6a8c780
Event: 1.335 Thread 0x00000266f67a2030 Thread exited: 0x00000266f67a2030
Event: 1.452 Thread 0x00000266f657df90 Thread exited: 0x00000266f657df90
Event: 1.455 Thread 0x00000266f6a8c780 Thread exited: 0x00000266f6a8c780
Event: 1.678 Thread 0x00000266f6ddd370 Thread added: 0x00000266f6ddd370
Event: 1.785 Thread 0x00000266f6ead6c0 Thread added: 0x00000266f6ead6c0
Event: 1.871 Thread 0x00000266f6dfd780 Thread added: 0x00000266f6dfd780
Event: 1.984 Thread 0x00000266f6ddd370 Thread exited: 0x00000266f6ddd370


Dynamic libraries:
0x00007ff77bd00000 - 0x00007ff77bd10000 	C:\Program Files\Java\jdk-19\bin\javaw.exe
0x00007ffb92d20000 - 0x00007ffb92f29000 	C:\WINDOWS\SYSTEM32\ntdll.dll
0x00007ffb90bb0000 - 0x00007ffb90c6e000 	C:\WINDOWS\System32\KERNEL32.DLL
0x00007ffb90610000 - 0x00007ffb9098b000 	C:\WINDOWS\System32\KERNELBASE.dll
0x00007ffb90470000 - 0x00007ffb90581000 	C:\WINDOWS\System32\ucrtbase.dll
0x00007ffb7e330000 - 0x00007ffb7e34b000 	C:\Program Files\Java\jdk-19\bin\VCRUNTIME140.dll
0x00007ffb809c0000 - 0x00007ffb809d8000 	C:\Program Files\Java\jdk-19\bin\jli.dll
0x00007ffb927e0000 - 0x00007ffb9288e000 	C:\WINDOWS\System32\ADVAPI32.dll
0x00007ffb92890000 - 0x00007ffb92933000 	C:\WINDOWS\System32\msvcrt.dll
0x00007ffb92c40000 - 0x00007ffb92cde000 	C:\WINDOWS\System32\sechost.dll
0x00007ffb912c0000 - 0x00007ffb913e0000 	C:\WINDOWS\System32\RPCRT4.dll
0x00007ffb92940000 - 0x00007ffb92aed000 	C:\WINDOWS\System32\USER32.dll
0x00007ffb814e0000 - 0x00007ffb81785000 	C:\WINDOWS\WinSxS\amd64_microsoft.windows.common-controls_6595b64144ccf1df_6.0.22000.120_none_9d947278b86cc467\COMCTL32.dll
0x00007ffb90a00000 - 0x00007ffb90a26000 	C:\WINDOWS\System32\win32u.dll
0x00007ffb91a20000 - 0x00007ffb91a49000 	C:\WINDOWS\System32\GDI32.dll
0x00007ffb90350000 - 0x00007ffb90468000 	C:\WINDOWS\System32\gdi32full.dll
0x00007ffb901f0000 - 0x00007ffb9028d000 	C:\WINDOWS\System32\msvcp_win.dll
0x00007ffb86f60000 - 0x00007ffb86f6a000 	C:\WINDOWS\SYSTEM32\VERSION.dll
0x00007ffb919c0000 - 0x00007ffb919f2000 	C:\WINDOWS\System32\IMM32.DLL
0x00007ffb82390000 - 0x00007ffb8239c000 	C:\Program Files\Java\jdk-19\bin\vcruntime140_1.dll
0x00007ffb62170000 - 0x00007ffb621fe000 	C:\Program Files\Java\jdk-19\bin\msvcp140.dll
0x00007ffb23800000 - 0x00007ffb244c0000 	C:\Program Files\Java\jdk-19\bin\server\jvm.dll
0x00007ffb75bf0000 - 0x00007ffb75bf9000 	C:\WINDOWS\SYSTEM32\WSOCK32.dll
0x00007ffb8cf00000 - 0x00007ffb8cf33000 	C:\WINDOWS\SYSTEM32\WINMM.dll
0x00007ffb913e0000 - 0x00007ffb9144f000 	C:\WINDOWS\System32\WS2_32.dll
0x00007ffb8f270000 - 0x00007ffb8f288000 	C:\WINDOWS\SYSTEM32\kernel.appcore.dll
0x00007ffb81ff0000 - 0x00007ffb81ffa000 	C:\Program Files\Java\jdk-19\bin\jimage.dll
0x00007ffb8dc30000 - 0x00007ffb8de51000 	C:\WINDOWS\SYSTEM32\DBGHELP.DLL
0x00007ffb8cf40000 - 0x00007ffb8cf71000 	C:\WINDOWS\SYSTEM32\dbgcore.DLL
0x00007ffb90590000 - 0x00007ffb9060f000 	C:\WINDOWS\System32\bcryptPrimitives.dll
0x00007ffb7e300000 - 0x00007ffb7e326000 	C:\Program Files\Java\jdk-19\bin\java.dll
0x00007ffb2e630000 - 0x00007ffb2e707000 	C:\Program Files\Java\jdk-19\bin\jsvml.dll
0x00007ffb91ac0000 - 0x00007ffb92277000 	C:\WINDOWS\System32\SHELL32.dll
0x00007ffb8e2e0000 - 0x00007ffb8eb45000 	C:\WINDOWS\SYSTEM32\windows.storage.dll
0x00007ffb91450000 - 0x00007ffb917c8000 	C:\WINDOWS\System32\combase.dll
0x00007ffb8e170000 - 0x00007ffb8e2d6000 	C:\WINDOWS\SYSTEM32\wintypes.dll
0x00007ffb917d0000 - 0x00007ffb918ba000 	C:\WINDOWS\System32\SHCORE.dll
0x00007ffb90c80000 - 0x00007ffb90cdd000 	C:\WINDOWS\System32\shlwapi.dll
0x00007ffb90120000 - 0x00007ffb90141000 	C:\WINDOWS\SYSTEM32\profapi.dll
0x00007ffb7e2e0000 - 0x00007ffb7e2f3000 	C:\Program Files\Java\jdk-19\bin\net.dll
0x00007ffb88d10000 - 0x00007ffb88e24000 	C:\WINDOWS\SYSTEM32\WINHTTP.dll
0x00007ffb8f780000 - 0x00007ffb8f7e7000 	C:\WINDOWS\system32\mswsock.dll
0x00007ffb7d7f0000 - 0x00007ffb7d806000 	C:\Program Files\Java\jdk-19\bin\nio.dll
0x00007ffb785d0000 - 0x00007ffb785e8000 	C:\Program Files\Java\jdk-19\bin\zip.dll
0x00007ffb7dff0000 - 0x00007ffb7dffa000 	C:\Program Files\Java\jdk-19\bin\management.dll
0x00007ffb7d870000 - 0x00007ffb7d87b000 	C:\Program Files\Java\jdk-19\bin\management_ext.dll
0x00007ffb90ba0000 - 0x00007ffb90ba8000 	C:\WINDOWS\System32\PSAPI.DLL
0x00007ffb8ede0000 - 0x00007ffb8ee0d000 	C:\WINDOWS\SYSTEM32\IPHLPAPI.DLL
0x00007ffb919b0000 - 0x00007ffb919b9000 	C:\WINDOWS\System32\NSI.dll
0x00007ffb88cf0000 - 0x00007ffb88d09000 	C:\WINDOWS\SYSTEM32\dhcpcsvc6.DLL
0x00007ffb899c0000 - 0x00007ffb899de000 	C:\WINDOWS\SYSTEM32\dhcpcsvc.DLL
0x00007ffb8ee10000 - 0x00007ffb8eef8000 	C:\WINDOWS\SYSTEM32\DNSAPI.dll
0x00007ffb7fac0000 - 0x00007ffb7faca000 	C:\Windows\System32\rasadhlp.dll
0x00007ffb86ec0000 - 0x00007ffb86f41000 	C:\WINDOWS\System32\fwpuclnt.dll

dbghelp: loaded successfully - version: 4.0.5 - missing functions: none
symbol engine: initialized successfully - sym options: 0x614 - pdb path: .;C:\Program Files\Java\jdk-19\bin;C:\WINDOWS\SYSTEM32;C:\WINDOWS\WinSxS\amd64_microsoft.windows.common-controls_6595b64144ccf1df_6.0.22000.120_none_9d947278b86cc467;C:\Program Files\Java\jdk-19\bin\server

VM Arguments:
jvm_args: -Dfile.encoding=UTF-8 -XX:+ShowCodeDetailsInExceptionMessages 
java_command: com.hv.accountService.AccountServiceApplication
java_class_path (initial): C:\Users\hvr81\Downloads\new_projects\accountService\accountService\target\classes;C:\Users\hvr81\.m2\repository\org\springframework\boot\spring-boot-starter-data-couchbase\3.0.2\spring-boot-starter-data-couchbase-3.0.2.jar;C:\Users\hvr81\.m2\repository\org\springframework\boot\spring-boot-starter\3.0.2\spring-boot-starter-3.0.2.jar;C:\Users\hvr81\.m2\repository\org\springframework\boot\spring-boot-starter-logging\3.0.2\spring-boot-starter-logging-3.0.2.jar;C:\Users\hvr81\.m2\repository\ch\qos\logback\logback-classic\1.4.5\logback-classic-1.4.5.jar;C:\Users\hvr81\.m2\repository\ch\qos\logback\logback-core\1.4.5\logback-core-1.4.5.jar;C:\Users\hvr81\.m2\repository\org\apache\logging\log4j\log4j-to-slf4j\2.19.0\log4j-to-slf4j-2.19.0.jar;C:\Users\hvr81\.m2\repository\org\apache\logging\log4j\log4j-api\2.19.0\log4j-api-2.19.0.jar;C:\Users\hvr81\.m2\repository\org\slf4j\jul-to-slf4j\2.0.6\jul-to-slf4j-2.0.6.jar;C:\Users\hvr81\.m2\repository\jakarta\annotation\jakarta.annotation-api\2.1.1\jakarta.annotation-api-2.1.1.jar;C:\Users\hvr81\.m2\repository\org\yaml\snakeyaml\1.33\snakeyaml-1.33.jar;C:\Users\hvr81\.m2\repository\org\springframework\data\spring-data-couchbase\5.0.1\spring-data-couchbase-5.0.1.jar;C:\Users\hvr81\.m2\repository\org\springframework\spring-context-support\6.0.4\spring-context-support-6.0.4.jar;C:\Users\hvr81\.m2\repository\org\springframework\data\spring-data-commons\3.0.1\spring-data-commons-3.0.1.jar;C:\Users\hvr81\.m2\repository\com\couchbase\client\java-client\3.4.2\java-client-3.4.2.jar;C:\Users\hvr81\.m2\repository\com\couchbase\client\core-io\2.4.2\core-io-2.4.2.jar;C:\Users\hvr81\.m2\repository\org\reactivestreams\reactive-streams\1.0.4\reactive-streams-1.0.4.jar;C:\Users\hvr81\.m2\repository\org\springframework\boot\spring-boot-starter-web\3.0.2\spring-boot-starter-web-3.0.2.jar;C:\Users\hvr81\.m2\repository\org\springframework\boot\spring-boot-starter-json\3.0.2\spring-boot-starter-json-3.0.2.jar;C:\Users\hvr81\.m2\repository\com\fasterxml\jackson\datatype\jackson-datatype-jdk8\2.14.1\jackson-datatype-jdk8-2.14.1.jar;C:\Users\hvr81\.m2\repository\com\fasterxml\jackson\datatype\jackson-datatype-jsr310\2.14.1\jackson-datatype-jsr310-2.14.1.jar;C:\Users\hvr81\.m2\repository\com\fasterxml\jackson\module\jackson-module-parameter-names\2.14.1\jackson-module-parameter-names-2.14.1.jar;C:\Users\hvr81\.m2\repository\org\springframework\boot\spring-boot-starter-tomcat\3.0.2\spring-boot-starter-tomcat-3.0.2.jar;C:\Users\hvr81\.m2\repository\org\apache\tomcat\embed\tomcat-embed-core\10.1.5\tomcat-embed-core-10.1.5.jar;C:\Users\hvr81\.m2\repository\org\apache\tomcat\embed\tomcat-embed-el\10.1.5\tomcat-embed-el-10.1.5.jar;C:\Users\hvr81\.m2\repository\org\apache\tomcat\embed\tomcat-embed-websocket\10.1.5\tomcat-embed-websocket-10.1.5.jar;C:\Users\hvr81\.m2\repository\org\springframework\spring-web\6.0.4\spring-web-6.0.4.jar;C:\Users\hvr81\.m2\repository\org\springframework\spring-beans\6.0.4\spring-beans-6.0.4.jar;C:\Users\hvr81\.m2\repository\org\springframework\spring-webmvc\6.0.4\spring-webmvc-6.0.4.jar;C:\Users\hvr81\.m2\repository\org\springframework\spring-aop\6.0.4\spring-aop-6.0.4.jar;C:\Users\hvr81\.m2\repository\org\springframework\spring-expression\6.0.4\spring-expression-6.0.4.jar;C:\Users\hvr81\.m2\repository\org\springframework\cloud\spring-cloud-starter-config\4.0.0\spring-cloud-starter-config-4.0.0.jar;C:\Users\hvr81\.m2\repository\org\springframework\cloud\spring-cloud-starter\4.0.0\spring-cloud-starter-4.0.0.jar;C:\Users\hvr81\.m2\repository\org\springframework\cloud\spring-cloud-context\4.0.0\spring-cloud-context-4.0.0.jar;C:\Users\hvr81\.m2\repository\org\springframework\security\spring-security-rsa\1.0.11.RELEASE\spring-security-rsa-1.0.11.RELEASE.jar;C:\Users\hvr81\.m2\repository\org\bouncycastle\bcpkix-jdk15on\1.69\bcpkix-jdk15on-1.69.jar;C:\Users\hvr81\.m2\repository\org\bouncycastle\bcprov-jdk15on\1.69\bcprov-jdk15on-1.69.jar;C:\Users\hvr81\.m2\repository\org\bouncycastle\bcutil-jdk15on\1.69\bcutil-jdk15on-1.69.jar;C:\Users\hvr81\.m2\repository\org\springframework\cloud\spring-cloud-config-client\4.0.0\spring-cloud-config-client-4.0.0.jar;C:\Users\hvr81\.m2\repository\com\fasterxml\jackson\core\jackson-annotations\2.14.1\jackson-annotations-2.14.1.jar;C:\Users\hvr81\.m2\repository\org\apache\httpcomponents\client5\httpclient5\5.1.4\httpclient5-5.1.4.jar;C:\Users\hvr81\.m2\repository\org\apache\httpcomponents\core5\httpcore5\5.1.5\httpcore5-5.1.5.jar;C:\Users\hvr81\.m2\repository\org\apache\httpcomponents\core5\httpcore5-h2\5.1.5\httpcore5-h2-5.1.5.jar;C:\Users\hvr81\.m2\repository\commons-codec\commons-codec\1.15\commons-codec-1.15.jar;C:\Users\hvr81\.m2\repository\com\fasterxml\jackson\core\jackson-databind\2.14.1\jackson-databind-2.14.1.jar;C:\Users\hvr81\.m2\repository\com\fasterxml\jackson\core\jackson-core\2.14.1\jackson-core-2.14.1.jar;C:\Users\hvr81\.m2\repository\org\springframework\cloud\spring-cloud-starter-netflix-eureka-client\4.0.0\spring-cloud-starter-netflix-eureka-client-4.0.0.jar;C:\Users\hvr81\.m2\repository\org\springframework\cloud\spring-cloud-netflix-eureka-client\4.0.0\spring-cloud-netflix-eureka-client-4.0.0.jar;C:\Users\hvr81\.m2\repository\com\netflix\eureka\eureka-client\2.0.0\eureka-client-2.0.0.jar;C:\Users\hvr81\.m2\repository\com\netflix\netflix-commons\netflix-eventbus\0.3.0\netflix-eventbus-0.3.0.jar;C:\Users\hvr81\.m2\repository\com\netflix\netflix-commons\netflix-infix\0.3.0\netflix-infix-0.3.0.jar;C:\Users\hvr81\.m2\repository\commons-jxpath\commons-jxpath\1.3\commons-jxpath-1.3.jar;C:\Users\hvr81\.m2\repository\joda-time\joda-time\2.3\joda-time-2.3.jar;C:\Users\hvr81\.m2\repository\org\antlr\antlr-runtime\3.4\antlr-runtime-3.4.jar;C:\Users\hvr81\.m2\repository\org\antlr\stringtemplate\3.2.1\stringtemplate-3.2.1.jar;C:\Users\hvr81\.m2\repository\antlr\antlr\2.7.7\antlr-2.7.7.jar;C:\Users\hvr81\.m2\repository\com\google\code\gson\gson\2.9.1\gson-2.9.1.jar;C:\Users\hvr81\.m2\repository\org\apache\commons\commons-math\2.2\commons-math-2.2.jar;C:\Users\hvr81\.m2\repository\com\thoughtworks\xstream\xstream\1.4.19\xstream-1.4.19.jar;C:\Users\hvr81\.m2\repository\io\github\x-stream\mxparser\1.2.2\mxparser-1.2.2.jar;C:\Users\hvr81\.m2\repository\xmlpull\xmlpull\1.1.3.1\xmlpull-1.1.3.1.jar;C:\Users\hvr81\.m2\repository\jakarta\ws\rs\jakarta.ws.rs-api\3.1.0\jakarta.ws.rs-api-3.1.0.jar;C:\Users\hvr81\.m2\repository\jakarta\inject\jakarta.inject-api\2.0.1\jakarta.inject-api-2.0.1.jar;C:\Users\hvr81\.m2\repository\com\netflix\servo\servo-core\0.12.21\servo-core-0.12.21.jar;C:\Users\hvr81\.m2\repository\com\google\guava\guava\19.0\guava-19.0.jar;C:\Users\hvr81\.m2\repository\org\apache\httpcomponents\httpclient\4.5.14\httpclient-4.5.14.jar;C:\Users\hvr81\.m2\repository\org\apache\httpcomponents\httpcore\4.4.16\httpcore-4.4.16.jar;C:\Users\hvr81\.m2\repository\commons-configuration\commons-configuration\1.10\commons-configuration-1.10.jar;C:\Users\hvr81\.m2\repository\commons-lang\commons-lang\2.6\commons-lang-2.6.jar;C:\Users\hvr81\.m2\repository\org\codehaus\jettison\jettison\1.4.0\jettison-1.4.0.jar;C:\Users\hvr81\.m2\repository\com\netflix\eureka\eureka-core\2.0.0\eureka-core-2.0.0.jar;C:\Users\hvr81\.m2\repository\jakarta\servlet\jakarta.servlet-api\6.0.0\jakarta.servlet-api-6.0.0.jar;C:\Users\hvr81\.m2\repository\com\fasterxml\woodstox\woodstox-core\6.2.1\woodstox-core-6.2.1.jar;C:\Users\hvr81\.m2\repository\org\codehaus\woodstox\stax2-api\4.2.1\stax2-api-4.2.1.jar;C:\Users\hvr81\.m2\repository\org\springframework\cloud\spring-cloud-starter-loadbalancer\4.0.0\spring-cloud-starter-loadbalancer-4.0.0.jar;C:\Users\hvr81\.m2\repository\org\springframework\cloud\spring-cloud-loadbalancer\4.0.0\spring-cloud-loadbalancer-4.0.0.jar;C:\Users\hvr81\.m2\repository\io\projectreactor\reactor-core\3.5.2\reactor-core-3.5.2.jar;C:\Users\hvr81\.m2\repository\io\projectreactor\addons\reactor-extra\3.5.0\reactor-extra-3.5.0.jar;C:\Users\hvr81\.m2\repository\org\springframework\boot\spring-boot-starter-cache\3.0.2\spring-boot-starter-cache-3.0.2.jar;C:\Users\hvr81\.m2\repository\com\stoyanr\evictor\1.0.0\evictor-1.0.0.jar;C:\Users\hvr81\.m2\repository\org\springframework\cloud\spring-cloud-starter-openfeign\4.0.0\spring-cloud-starter-openfeign-4.0.0.jar;C:\Users\hvr81\.m2\repository\org\springframework\cloud\spring-cloud-openfeign-core\4.0.0\spring-cloud-openfeign-core-4.0.0.jar;C:\Users\hvr81\.m2\repository\org\springframework\boot\spring-boot-starter-aop\3.0.2\spring-boot-starter-aop-3.0.2.jar;C:\Users\hvr81\.m2\repository\org\aspectj\aspectjweaver\1.9.19\aspectjweaver-1.9.19.jar;C:\Users\hvr81\.m2\repository\io\github\openfeign\form\feign-form-spring\3.8.0\feign-form-spring-3.8.0.jar;C:\Users\hvr81\.m2\repository\io\github\openfeign\form\feign-form\3.8.0\feign-form-3.8.0.jar;C:\Users\hvr81\.m2\repository\commons-fileupload\commons-fileupload\1.4\commons-fileupload-1.4.jar;C:\Users\hvr81\.m2\repository\org\springframework\cloud\spring-cloud-commons\4.0.0\spring-cloud-commons-4.0.0.jar;C:\Users\hvr81\.m2\repository\org\springframework\security\spring-security-crypto\6.0.1\spring-security-crypto-6.0.1.jar;C:\Users\hvr81\.m2\repository\io\github\openfeign\feign-core\12.1\feign-core-12.1.jar;C:\Users\hvr81\.m2\repository\io\github\openfeign\feign-slf4j\12.1\feign-slf4j-12.1.jar;C:\Users\hvr81\.m2\repository\org\springframework\boot\spring-boot-devtools\3.0.2\spring-boot-devtools-3.0.2.jar;C:\Users\hvr81\.m2\repository\org\springframework\boot\spring-boot\3.0.2\spring-boot-3.0.2.jar;C:\Users\hvr81\.m2\repository\org\springframework\boot\spring-boot-autoconfigure\3.0.2\spring-boot-autoconfigure-3.0.2.jar;C:\Users\hvr81\.m2\repository\io\github\resilience4j\resilience4j-spring-boot2\2.0.2\resilience4j-spring-boot2-2.0.2.jar;C:\Users\hvr81\.m2\repository\io\github\resilience4j\resilience4j-spring\2.0.2\resilience4j-spring-2.0.2.jar;C:\Users\hvr81\.m2\repository\io\github\resilience4j\resilience4j-annotations\2.0.2\resilience4j-annotations-2.0.2.jar;C:\Users\hvr81\.m2\repository\io\github\resilience4j\resilience4j-consumer\2.0.2\resilience4j-consumer-2.0.2.jar;C:\Users\hvr81\.m2\repository\io\github\resilience4j\resilience4j-core\2.0.2\resilience4j-core-2.0.2.jar;C:\Users\hvr81\.m2\repository\io\github\resilience4j\resilience4j-circularbuffer\2.0.2\resilience4j-circularbuffer-2.0.2.jar;C:\Users\hvr81\.m2\repository\io\github\resilience4j\resilience4j-framework-common\2.0.2\resilience4j-framework-common-2.0.2.jar;C:\Users\hvr81\.m2\repository\org\slf4j\slf4j-api\2.0.6\slf4j-api-2.0.6.jar;C:\Users\hvr81\.m2\repository\io\github\resilience4j\resilience4j-micrometer\2.0.2\resilience4j-micrometer-2.0.2.jar;C:\Users\hvr81\.m2\repository\io\micrometer\micrometer-core\1.10.3\micrometer-core-1.10.3.jar;C:\Users\hvr81\.m2\repository\org\hdrhistogram\HdrHistogram\2.1.12\HdrHistogram-2.1.12.jar;C:\Users\hvr81\.m2\repository\org\latencyutils\LatencyUtils\2.0.3\LatencyUtils-2.0.3.jar;C:\Users\hvr81\.m2\repository\io\github\resilience4j\resilience4j-bulkhead\2.0.2\resilience4j-bulkhead-2.0.2.jar;C:\Users\hvr81\.m2\repository\io\github\resilience4j\resilience4j-circuitbreaker\2.0.2\resilience4j-circuitbreaker-2.0.2.jar;C:\Users\hvr81\.m2\repository\io\github\resilience4j\resilience4j-retry\2.0.2\resilience4j-retry-2.0.2.jar;C:\Users\hvr81\.m2\repository\io\github\resilience4j\resilience4j-ratelimiter\2.0.2\resilience4j-ratelimiter-2.0.2.jar;C:\Users\hvr81\.m2\repository\io\github\resilience4j\resilience4j-timelimiter\2.0.2\resilience4j-timelimiter-2.0.2.jar;C:\Users\hvr81\.m2\repository\org\springframework\kafka\spring-kafka\3.0.2\spring-kafka-3.0.2.jar;C:\Users\hvr81\.m2\repository\org\springframework\spring-context\6.0.4\spring-context-6.0.4.jar;C:\Users\hvr81\.m2\repository\org\springframework\spring-messaging\6.0.4\spring-messaging-6.0.4.jar;C:\Users\hvr81\.m2\repository\org\springframework\spring-tx\6.0.4\spring-tx-6.0.4.jar;C:\Users\hvr81\.m2\repository\org\springframework\retry\spring-retry\2.0.0\spring-retry-2.0.0.jar;C:\Users\hvr81\.m2\repository\org\apache\kafka\kafka-clients\3.3.2\kafka-clients-3.3.2.jar;C:\Users\hvr81\.m2\repository\com\github\luben\zstd-jni\1.5.2-1\zstd-jni-1.5.2-1.jar;C:\Users\hvr81\.m2\repository\org\lz4\lz4-java\1.8.0\lz4-java-1.8.0.jar;C:\Users\hvr81\.m2\repository\org\xerial\snappy\snappy-java\1.1.8.4\snappy-java-1.1.8.4.jar;C:\Users\hvr81\.m2\repository\io\micrometer\micrometer-observation\1.10.3\micrometer-observation-1.10.3.jar;C:\Users\hvr81\.m2\repository\io\micrometer\micrometer-commons\1.10.3\micrometer-commons-1.10.3.jar;C:\Users\hvr81\.m2\repository\com\google\code\findbugs\jsr305\3.0.2\jsr305-3.0.2.jar;C:\Users\hvr81\.m2\repository\org\springframework\spring-core\6.0.4\spring-core-6.0.4.jar;C:\Users\hvr81\.m2\repository\org\springframework\spring-jcl\6.0.4\spring-jcl-6.0.4.jar
Launcher Type: SUN_STANDARD

[Global flags]
     intx CICompilerCount                          = 12                                        {product} {ergonomic}
     uint ConcGCThreads                            = 3                                         {product} {ergonomic}
     uint G1ConcRefinementThreads                  = 13                                        {product} {ergonomic}
   size_t G1HeapRegionSize                         = 2097152                                   {product} {ergonomic}
    uintx GCDrainStackTargetSize                   = 64                                        {product} {ergonomic}
   size_t InitialHeapSize                          = 257949696                                 {product} {ergonomic}
   size_t MarkStackSize                            = 4194304                                   {product} {ergonomic}
   size_t MaxHeapSize                              = 4125097984                                {product} {ergonomic}
   size_t MaxNewSize                               = 2474639360                                {product} {ergonomic}
   size_t MinHeapDeltaBytes                        = 2097152                                   {product} {ergonomic}
   size_t MinHeapSize                              = 8388608                                   {product} {ergonomic}
    uintx NonNMethodCodeHeapSize                   = 7602480                                {pd product} {ergonomic}
    uintx NonProfiledCodeHeapSize                  = 122027880                              {pd product} {ergonomic}
    uintx ProfiledCodeHeapSize                     = 122027880                              {pd product} {ergonomic}
    uintx ReservedCodeCacheSize                    = 251658240                              {pd product} {ergonomic}
     bool SegmentedCodeCache                       = true                                      {product} {ergonomic}
     bool ShowCodeDetailsInExceptionMessages       = true                                   {manageable} {command line}
   size_t SoftMaxHeapSize                          = 4125097984                             {manageable} {ergonomic}
     bool UseCompressedClassPointers               = true                           {product lp64_product} {ergonomic}
     bool UseCompressedOops                        = true                           {product lp64_product} {ergonomic}
     bool UseG1GC                                  = true                                      {product} {ergonomic}
     bool UseLargePagesIndividualAllocation        = false                                  {pd product} {ergonomic}

Logging:
Log output configuration:
 #0: stdout all=warning uptime,level,tags foldmultilines=false
 #1: stderr all=off uptime,level,tags foldmultilines=false

Environment Variables:
PATH=C:\Program Files\Common Files\Oracle\Java\javapath;C:\WINDOWS\system32;C:\WINDOWS;C:\WINDOWS\System32\Wbem;C:\WINDOWS\System32\WindowsPowerShell\v1.0\;C:\WINDOWS\System32\OpenSSH\;C:\Program Files\Git\cmd;C:\Users\hvr81\AppData\Local\Microsoft\WindowsApps;;C:\Program Files\JetBrains\PyCharm Community Edition 2021.3.3\bin;;C:\Program Files\JetBrains\IntelliJ IDEA 2022.3.1\bin;
USERNAME=hvr81
OS=Windows_NT
PROCESSOR_IDENTIFIER=AMD64 Family 23 Model 104 Stepping 1, AuthenticAMD
TMP=C:\Users\hvr81\AppData\Local\Temp
TEMP=C:\Users\hvr81\AppData\Local\Temp



---------------  S Y S T E M  ---------------

OS:
 Windows 11 , 64 bit Build 22000 (10.0.22000.1335)
OS uptime: 0 days 18:28 hours

CPU: total 16 (initial active 16) (16 cores per cpu, 2 threads per core) family 23 model 104 stepping 1 microcode 0x0, cx8, cmov, fxsr, ht, mmx, 3dnowpref, sse, sse2, sse3, ssse3, sse4a, sse4.1, sse4.2, popcnt, lzcnt, tsc, tscinvbit, avx, avx2, aes, clmul, bmi1, bmi2, adx, sha, fma, vzeroupper, clflush, clflushopt, rdtscp, rdpid

Memory: 4k page, system-wide physical 15734M (6493M free)
TotalPageFile size 19274M (AvailPageFile size 5M)
current process WorkingSet (physical memory assigned to process): 121M, peak: 121M
current process commit charge ("private bytes"): 387M, peak: 388M

vm_info: Java HotSpot(TM) 64-Bit Server VM (19.0.1+10-21) for windows-amd64 JRE (19.0.1+10-21), built on 2022-09-14T12:45:06Z by "mach5one" with MS VC++ 17.1 (VS2022)

END.
